Using pre-set license
Built from '2022.3/staging' branch; Version is '2022.3.46f1 (8e9b8558c41a) revision 9345925'; Using compiler version '192829333'; Build Type 'Release'
OS: 'Windows 11  (10.0.22631) 64bit CoreSingleLanguage' Language: 'es' Physical Memory: 7549 MB
BatchMode: 1, IsHumanControllingUs: 0, StartBugReporterOnCrash: 0, Is64bit: 1, IsPro: 1

COMMAND LINE ARGUMENTS:
C:\Program Files\Unity\Hub\Editor\2022.3.46f1\Editor\Unity.exe
-adb2
-batchMode
-noUpm
-name
AssetImportWorker1
-projectPath
C:/Users/angel/Desktop/VideoGame/videoGameSushiCat
-logFile
Logs/AssetImportWorker1.log
-srvPort
61369
Successfully changed project path to: C:/Users/angel/Desktop/VideoGame/videoGameSushiCat
C:/Users/angel/Desktop/VideoGame/videoGameSushiCat
[UnityMemory] Configuration Parameters - Can be set up in boot.config
    "memorysetup-bucket-allocator-granularity=16"
    "memorysetup-bucket-allocator-bucket-count=8"
    "memorysetup-bucket-allocator-block-size=33554432"
    "memorysetup-bucket-allocator-block-count=8"
    "memorysetup-main-allocator-block-size=16777216"
    "memorysetup-thread-allocator-block-size=16777216"
    "memorysetup-gfx-main-allocator-block-size=16777216"
    "memorysetup-gfx-thread-allocator-block-size=16777216"
    "memorysetup-cache-allocator-block-size=4194304"
    "memorysetup-typetree-allocator-block-size=2097152"
    "memorysetup-profiler-bucket-allocator-granularity=16"
    "memorysetup-profiler-bucket-allocator-bucket-count=8"
    "memorysetup-profiler-bucket-allocator-block-size=33554432"
    "memorysetup-profiler-bucket-allocator-block-count=8"
    "memorysetup-profiler-allocator-block-size=16777216"
    "memorysetup-profiler-editor-allocator-block-size=1048576"
    "memorysetup-temp-allocator-size-main=16777216"
    "memorysetup-job-temp-allocator-block-size=2097152"
    "memorysetup-job-temp-allocator-block-size-background=1048576"
    "memorysetup-job-temp-allocator-reduction-small-platforms=262144"
    "memorysetup-allocator-temp-initial-block-size-main=262144"
    "memorysetup-allocator-temp-initial-block-size-worker=262144"
    "memorysetup-temp-allocator-size-background-worker=32768"
    "memorysetup-temp-allocator-size-job-worker=262144"
    "memorysetup-temp-allocator-size-preload-manager=33554432"
    "memorysetup-temp-allocator-size-nav-mesh-worker=65536"
    "memorysetup-temp-allocator-size-audio-worker=65536"
    "memorysetup-temp-allocator-size-cloud-worker=32768"
    "memorysetup-temp-allocator-size-gi-baking-worker=262144"
    "memorysetup-temp-allocator-size-gfx=262144"
Player connection [13652]  Target information:

Player connection [13652]  * "[IP] 192.168.1.85 [Port] 0 [Flags] 2 [Guid] 2732651986 [EditorId] 2732651986 [Version] 1048832 [Id] WindowsEditor(7,LAPTOP-AV0427C) [Debug] 1 [PackageName] WindowsEditor [ProjectName] Editor" 

Player connection [13652] Host joined multi-casting on [225.0.0.222:54997]...
Player connection [13652] Host joined alternative multi-casting on [225.0.0.222:34997]...
[PhysX] Initialized MultithreadedTaskDispatcher with 16 workers.
Refreshing native plugins compatible for Editor in 106.26 ms, found 3 plugins.
Preloading 0 native plugins for Editor in 0.00 ms.
Initialize engine version: 2022.3.46f1 (8e9b8558c41a)
[Subsystems] Discovering subsystems at path C:/Program Files/Unity/Hub/Editor/2022.3.46f1/Editor/Data/Resources/UnitySubsystems
[Subsystems] Discovering subsystems at path C:/Users/angel/Desktop/VideoGame/videoGameSushiCat/Assets
GfxDevice: creating device client; threaded=0; jobified=0
Direct3D:
    Version:  Direct3D 11.0 [level 11.1]
    Renderer: AMD Radeon(TM) Graphics (ID=0x1636)
    Vendor:   ATI
    VRAM:     3774 MB
    Driver:   31.0.21912.14
Initialize mono
Mono path[0] = 'C:/Program Files/Unity/Hub/Editor/2022.3.46f1/Editor/Data/Managed'
Mono path[1] = 'C:/Program Files/Unity/Hub/Editor/2022.3.46f1/Editor/Data/MonoBleedingEdge/lib/mono/unityjit-win32'
Mono config path = 'C:/Program Files/Unity/Hub/Editor/2022.3.46f1/Editor/Data/MonoBleedingEdge/etc'
Using monoOptions --debugger-agent=transport=dt_socket,embedding=1,server=y,suspend=n,address=127.0.0.1:56448
Begin MonoManager ReloadAssembly
Registering precompiled unity dll's ...
Register platform support module: C:/Program Files/Unity/Hub/Editor/2022.3.46f1/Editor/Data/PlaybackEngines/WebGLSupport/UnityEditor.WebGL.Extensions.dll
Register platform support module: C:/Program Files/Unity/Hub/Editor/2022.3.46f1/Editor/Data/PlaybackEngines/AndroidPlayer/UnityEditor.Android.Extensions.dll
Register platform support module: C:/Program Files/Unity/Hub/Editor/2022.3.46f1/Editor/Data/PlaybackEngines/WindowsStandaloneSupport/UnityEditor.WindowsStandalone.Extensions.dll
Register platform support module: C:/Program Files/Unity/Hub/Editor/2022.3.46f1/Editor/Data/PlaybackEngines/MetroSupport/UnityEditor.UWP.Extensions.dll
Registered in 0.024630 seconds.
- Loaded All Assemblies, in  0.836 seconds
Native extension for UWP target not found
Native extension for WindowsStandalone target not found
Native extension for Android target not found
Android Extension - Scanning For ADB Devices 538 ms
Native extension for WebGL target not found
Mono: successfully reloaded assembly
- Finished resetting the current domain, in  1.193 seconds
Domain Reload Profiling: 2028ms
	BeginReloadAssembly (290ms)
		ExecutionOrderSort (0ms)
		DisableScriptedObjects (0ms)
		BackupInstance (0ms)
		ReleaseScriptingObjects (0ms)
		CreateAndSetChildDomain (2ms)
	RebuildCommonClasses (58ms)
	RebuildNativeTypeToScriptingClass (23ms)
	initialDomainReloadingComplete (124ms)
	LoadAllAssembliesAndSetupDomain (338ms)
		LoadAssemblies (291ms)
		RebuildTransferFunctionScriptingTraits (0ms)
		AnalyzeDomain (328ms)
			TypeCache.Refresh (326ms)
				TypeCache.ScanAssembly (305ms)
			ScanForSourceGeneratedMonoScriptInfo (1ms)
			ResolveRequiredComponents (1ms)
	FinalizeReload (1194ms)
		ReleaseScriptCaches (0ms)
		RebuildScriptCaches (0ms)
		SetupLoadedEditorAssemblies (1104ms)
			LogAssemblyErrors (0ms)
			InitializePlatformSupportModulesInManaged (734ms)
			SetLoadedEditorAssemblies (9ms)
			RefreshPlugins (0ms)
			BeforeProcessingInitializeOnLoad (6ms)
			ProcessInitializeOnLoadAttributes (248ms)
			ProcessInitializeOnLoadMethodAttributes (107ms)
			AfterProcessingInitializeOnLoad (0ms)
			EditorAssembliesLoaded (0ms)
		ExecutionOrderSort2 (0ms)
		AwakeInstancesAfterBackupRestoration (0ms)
========================================================================
Worker process is ready to serve import requests
Caller must complete domain reload
Begin MonoManager ReloadAssembly
Symbol file LoadedFromMemory is not a mono symbol file
- Loaded All Assemblies, in  1.842 seconds
Native extension for UWP target not found
Native extension for WindowsStandalone target not found
Native extension for Android target not found
Native extension for WebGL target not found
Package Manager log level set to [2]
[Package Manager] Server::EnsureServerProcessIsRunning -- launch failed, reason: Unity was launched with the -noUpm command-line argument
[Package Manager] UpmClient::Send -- Unable to send message (not connected to UPM process).
[Package Manager] Cannot connect to Unity Package Manager local server
Mono: successfully reloaded assembly
- Finished resetting the current domain, in  1.246 seconds
Domain Reload Profiling: 3083ms
	BeginReloadAssembly (337ms)
		ExecutionOrderSort (0ms)
		DisableScriptedObjects (14ms)
		BackupInstance (0ms)
		ReleaseScriptingObjects (0ms)
		CreateAndSetChildDomain (48ms)
	RebuildCommonClasses (77ms)
	RebuildNativeTypeToScriptingClass (23ms)
	initialDomainReloadingComplete (82ms)
	LoadAllAssembliesAndSetupDomain (1317ms)
		LoadAssemblies (981ms)
		RebuildTransferFunctionScriptingTraits (0ms)
		AnalyzeDomain (530ms)
			TypeCache.Refresh (466ms)
				TypeCache.ScanAssembly (411ms)
			ScanForSourceGeneratedMonoScriptInfo (52ms)
			ResolveRequiredComponents (11ms)
	FinalizeReload (1247ms)
		ReleaseScriptCaches (0ms)
		RebuildScriptCaches (0ms)
		SetupLoadedEditorAssemblies (971ms)
			LogAssemblyErrors (0ms)
			InitializePlatformSupportModulesInManaged (30ms)
			SetLoadedEditorAssemblies (5ms)
			RefreshPlugins (0ms)
			BeforeProcessingInitializeOnLoad (117ms)
			ProcessInitializeOnLoadAttributes (534ms)
			ProcessInitializeOnLoadMethodAttributes (276ms)
			AfterProcessingInitializeOnLoad (7ms)
			EditorAssembliesLoaded (1ms)
		ExecutionOrderSort2 (0ms)
		AwakeInstancesAfterBackupRestoration (10ms)
Launched and connected shader compiler UnityShaderCompiler.exe after 0.09 seconds
Refreshing native plugins compatible for Editor in 33.29 ms, found 3 plugins.
Preloading 0 native plugins for Editor in 0.00 ms.
Unloading 4217 Unused Serialized files (Serialized files now loaded: 0)
Unloading 27 unused Assets / (55.7 KB). Loaded Objects now: 4689.
Memory consumption went from 147.5 MB to 147.4 MB.
Total: 13.337500 ms (FindLiveObjects: 0.830400 ms CreateObjectMapping: 0.541700 ms MarkObjects: 11.575700 ms  DeleteObjects: 0.387100 ms)

AssetImportParameters requested are different than current active one (requested -> active):
  custom:container-demuxer-ogg: 62fdf1f143b41e24485cea50d1cbac27 -> 
  custom:video-codec-MediaFoundation-h265: 746d11721c4dcdbdad8f713fa42b33f4 -> 
  custom:video-decoder-ogg-theora: a1e56fd34408186e4bbccfd4996cb3dc -> 
  custom:framework-win-MediaFoundation: 216162199b28c13a410421893ffa2e32 -> 
  custom:CustomObjectIndexerAttribute: 9a22284fe3817be447336de3de66b15e -> 
  custom:container-demuxer-webm: 4f35f7cbe854078d1ac9338744f61a02 -> 
  custom:container-muxer-webm: aa71ff27fc2769a1b78a27578f13a17b -> 
  custom:video-decoder-webm-vp8: 9c59270c3fd7afecdb556c50c9e8de78 -> 
  custom:SearchIndexIgnoredProperties: e643bd26f0fe6173181afceb89e7c659 -> 
  custom:AudioImporter_EditorPlatform: d09bf68614088b80899f8185d706f6e7 -> 
  custom:video-encoder-webm-vp8: eb34c28f22e8b96e1ab97ce403110664 -> 
  custom:audio-decoder-ogg-vorbis: bf7c407c2cedff20999df2af8eb42d56 -> 
  custom:audio-encoder-webm-vorbis: bf7c407c2cedff20999df2af8eb42d56 -> 
========================================================================
Received Import Request.
  Time since last request: 112389.352668 seconds.
  path: Assets/Animaciones/Player/Zlr47b.gif
  artifactKey: Guid(bb249e323f3861b42b995ff49b82688b) Importer(815301076,1909f56bfc062723c751e8b465ee728b)
Start importing Assets/Animaciones/Player/Zlr47b.gif using Guid(bb249e323f3861b42b995ff49b82688b) Importer(815301076,1909f56bfc062723c751e8b465ee728b) [PhysX] Initialized MultithreadedTaskDispatcher with 16 workers.
[PhysX] Initialized MultithreadedTaskDispatcher with 16 workers.
 -> (artifact id: '7aaf742b0c42ef54582022d4878c16c0') in 0.165377 seconds
Number of updated asset objects reloaded before import = 0
Number of asset objects unloaded after import = 3
========================================================================
Received Prepare
Caller must complete domain reload
Begin MonoManager ReloadAssembly
Symbol file LoadedFromMemory is not a mono symbol file
- Loaded All Assemblies, in  1.475 seconds
Native extension for UWP target not found
Native extension for WindowsStandalone target not found
Native extension for Android target not found
Native extension for WebGL target not found
[Package Manager] Server::EnsureServerProcessIsRunning -- launch failed, reason: Unity was launched with the -noUpm command-line argument
[Package Manager] UpmClient::Send -- Unable to send message (not connected to UPM process).
[Package Manager] Cannot connect to Unity Package Manager local server
Mono: successfully reloaded assembly
- Finished resetting the current domain, in  3.312 seconds
Domain Reload Profiling: 4784ms
	BeginReloadAssembly (322ms)
		ExecutionOrderSort (0ms)
		DisableScriptedObjects (10ms)
		BackupInstance (0ms)
		ReleaseScriptingObjects (0ms)
		CreateAndSetChildDomain (81ms)
	RebuildCommonClasses (84ms)
	RebuildNativeTypeToScriptingClass (28ms)
	initialDomainReloadingComplete (57ms)
	LoadAllAssembliesAndSetupDomain (979ms)
		LoadAssemblies (1118ms)
		RebuildTransferFunctionScriptingTraits (0ms)
		AnalyzeDomain (37ms)
			TypeCache.Refresh (16ms)
				TypeCache.ScanAssembly (0ms)
			ScanForSourceGeneratedMonoScriptInfo (1ms)
			ResolveRequiredComponents (16ms)
	FinalizeReload (3313ms)
		ReleaseScriptCaches (0ms)
		RebuildScriptCaches (0ms)
		SetupLoadedEditorAssemblies (1112ms)
			LogAssemblyErrors (0ms)
			InitializePlatformSupportModulesInManaged (34ms)
			SetLoadedEditorAssemblies (7ms)
			RefreshPlugins (0ms)
			BeforeProcessingInitializeOnLoad (145ms)
			ProcessInitializeOnLoadAttributes (633ms)
			ProcessInitializeOnLoadMethodAttributes (285ms)
			AfterProcessingInitializeOnLoad (8ms)
			EditorAssembliesLoaded (0ms)
		ExecutionOrderSort2 (0ms)
		AwakeInstancesAfterBackupRestoration (9ms)
Refreshing native plugins compatible for Editor in 16.82 ms, found 3 plugins.
Preloading 0 native plugins for Editor in 0.00 ms.
Unloading 4196 Unused Serialized files (Serialized files now loaded: 0)
Unloading 18 unused Assets / (29.6 KB). Loaded Objects now: 4698.
Memory consumption went from 147.4 MB to 147.4 MB.
Total: 10.913700 ms (FindLiveObjects: 0.634300 ms CreateObjectMapping: 0.318100 ms MarkObjects: 9.849700 ms  DeleteObjects: 0.109500 ms)

Prepare: number of updated asset objects reloaded= 0
AssetImportParameters requested are different than current active one (requested -> active):
  custom:container-demuxer-ogg: 62fdf1f143b41e24485cea50d1cbac27 -> 
  custom:video-codec-MediaFoundation-h265: 746d11721c4dcdbdad8f713fa42b33f4 -> 
  custom:video-decoder-ogg-theora: a1e56fd34408186e4bbccfd4996cb3dc -> 
  custom:framework-win-MediaFoundation: 216162199b28c13a410421893ffa2e32 -> 
  custom:CustomObjectIndexerAttribute: 9a22284fe3817be447336de3de66b15e -> 
  custom:container-demuxer-webm: 4f35f7cbe854078d1ac9338744f61a02 -> 
  custom:container-muxer-webm: aa71ff27fc2769a1b78a27578f13a17b -> 
  custom:video-decoder-webm-vp8: 9c59270c3fd7afecdb556c50c9e8de78 -> 
  custom:SearchIndexIgnoredProperties: e643bd26f0fe6173181afceb89e7c659 -> 
  custom:AudioImporter_EditorPlatform: d09bf68614088b80899f8185d706f6e7 -> 
  custom:video-encoder-webm-vp8: eb34c28f22e8b96e1ab97ce403110664 -> 
  custom:audio-decoder-ogg-vorbis: bf7c407c2cedff20999df2af8eb42d56 -> 
  custom:audio-encoder-webm-vorbis: bf7c407c2cedff20999df2af8eb42d56 -> 
========================================================================
Received Import Request.
  Time since last request: 182.145502 seconds.
  path: Assets/2D Pixel Art Platformer Biome - American Forest/Sprites.png
  artifactKey: Guid(5fe5454ec8605de43809133b020d1b69) Importer(815301076,1909f56bfc062723c751e8b465ee728b)
Start importing Assets/2D Pixel Art Platformer Biome - American Forest/Sprites.png using Guid(5fe5454ec8605de43809133b020d1b69) Importer(815301076,1909f56bfc062723c751e8b465ee728b) [PhysX] Initialized MultithreadedTaskDispatcher with 16 workers.
[PhysX] Initialized MultithreadedTaskDispatcher with 16 workers.
 -> (artifact id: 'fba47f5a30e8a041ce98251da8ab132b') in 0.637269 seconds
Number of updated asset objects reloaded before import = 0
Number of asset objects unloaded after import = 92
========================================================================
Received Import Request.
  Time since last request: 2.740013 seconds.
  path: Assets/2D Platformer Assets/Graphics/Level Art/Props/block.png
  artifactKey: Guid(42fc57492c0949845a7cbb8f66dc745a) Importer(815301076,1909f56bfc062723c751e8b465ee728b)
Start importing Assets/2D Platformer Assets/Graphics/Level Art/Props/block.png using Guid(42fc57492c0949845a7cbb8f66dc745a) Importer(815301076,1909f56bfc062723c751e8b465ee728b) [PhysX] Initialized MultithreadedTaskDispatcher with 16 workers.
[PhysX] Initialized MultithreadedTaskDispatcher with 16 workers.
 -> (artifact id: 'd069f90af37829fcfa19a3703a833e67') in 0.045505 seconds
Number of updated asset objects reloaded before import = 0
Number of asset objects unloaded after import = 3
========================================================================
Received Import Request.
  Time since last request: 0.427179 seconds.
  path: Assets/2D Platformer Assets/Graphics/Level Mechanics/Bouncer.png
  artifactKey: Guid(4705bb7ba368b0542bc1c37d1c7a7210) Importer(815301076,1909f56bfc062723c751e8b465ee728b)
Start importing Assets/2D Platformer Assets/Graphics/Level Mechanics/Bouncer.png using Guid(4705bb7ba368b0542bc1c37d1c7a7210) Importer(815301076,1909f56bfc062723c751e8b465ee728b) [PhysX] Initialized MultithreadedTaskDispatcher with 16 workers.
[PhysX] Initialized MultithreadedTaskDispatcher with 16 workers.
 -> (artifact id: '22543ea5afbb564d8d6967b0ff24f50e') in 0.054410 seconds
Number of updated asset objects reloaded before import = 0
Number of asset objects unloaded after import = 4
========================================================================
Received Import Request.
  Time since last request: 0.438813 seconds.
  path: Assets/2D Platformer Assets/Graphics/Level Mechanics/Checkpoint On.png
  artifactKey: Guid(0de9a52a86712d344adedb2493bb65d1) Importer(815301076,1909f56bfc062723c751e8b465ee728b)
Start importing Assets/2D Platformer Assets/Graphics/Level Mechanics/Checkpoint On.png using Guid(0de9a52a86712d344adedb2493bb65d1) Importer(815301076,1909f56bfc062723c751e8b465ee728b) [PhysX] Initialized MultithreadedTaskDispatcher with 16 workers.
[PhysX] Initialized MultithreadedTaskDispatcher with 16 workers.
 -> (artifact id: '1e4114125a857d1851f743657ee8e8ca') in 0.044168 seconds
Number of updated asset objects reloaded before import = 0
Number of asset objects unloaded after import = 3
========================================================================
Received Import Request.
  Time since last request: 1.307284 seconds.
  path: Assets/2D Platformer Assets/Graphics/Level Mechanics/crank-up.png
  artifactKey: Guid(613d1e5387d085e42bfb0343ac6d567d) Importer(815301076,1909f56bfc062723c751e8b465ee728b)
Start importing Assets/2D Platformer Assets/Graphics/Level Mechanics/crank-up.png using Guid(613d1e5387d085e42bfb0343ac6d567d) Importer(815301076,1909f56bfc062723c751e8b465ee728b) [PhysX] Initialized MultithreadedTaskDispatcher with 16 workers.
[PhysX] Initialized MultithreadedTaskDispatcher with 16 workers.
 -> (artifact id: '8924f46d55fb9a71b02a022a3ba078c5') in 0.047010 seconds
Number of updated asset objects reloaded before import = 0
Number of asset objects unloaded after import = 3
========================================================================
Received Import Request.
  Time since last request: 0.072063 seconds.
  path: Assets/2D Platformer Assets/Graphics/Enemies/eagle-attack.png
  artifactKey: Guid(dc65e77ddc29c1d4f935b762e0474024) Importer(815301076,1909f56bfc062723c751e8b465ee728b)
Start importing Assets/2D Platformer Assets/Graphics/Enemies/eagle-attack.png using Guid(dc65e77ddc29c1d4f935b762e0474024) Importer(815301076,1909f56bfc062723c751e8b465ee728b) [PhysX] Initialized MultithreadedTaskDispatcher with 16 workers.
[PhysX] Initialized MultithreadedTaskDispatcher with 16 workers.
 -> (artifact id: 'c080afc686353e6cd8d7abbde4712972') in 0.056899 seconds
Number of updated asset objects reloaded before import = 0
Number of asset objects unloaded after import = 6
========================================================================
Received Import Request.
  Time since last request: 1.638745 seconds.
  path: Assets/2D Platformer Assets/Graphics/Collectibles/gem.png
  artifactKey: Guid(dcbfc38db01dc9c4086104f4d60804a7) Importer(815301076,1909f56bfc062723c751e8b465ee728b)
Start importing Assets/2D Platformer Assets/Graphics/Collectibles/gem.png using Guid(dcbfc38db01dc9c4086104f4d60804a7) Importer(815301076,1909f56bfc062723c751e8b465ee728b) [PhysX] Initialized MultithreadedTaskDispatcher with 16 workers.
[PhysX] Initialized MultithreadedTaskDispatcher with 16 workers.
 -> (artifact id: 'd9b39d3a4aaf3a321dc264e2df4d99de') in 0.073827 seconds
Number of updated asset objects reloaded before import = 0
Number of asset objects unloaded after import = 7
========================================================================
Received Import Request.
  Time since last request: 1.672496 seconds.
  path: Assets/2D Platformer Assets/Graphics/Level Art/Background/middle.png
  artifactKey: Guid(9d541ad375405764cb1cbb0f66786d82) Importer(815301076,1909f56bfc062723c751e8b465ee728b)
Start importing Assets/2D Platformer Assets/Graphics/Level Art/Background/middle.png using Guid(9d541ad375405764cb1cbb0f66786d82) Importer(815301076,1909f56bfc062723c751e8b465ee728b) [PhysX] Initialized MultithreadedTaskDispatcher with 16 workers.
[PhysX] Initialized MultithreadedTaskDispatcher with 16 workers.
 -> (artifact id: 'b22de62bdf891e27f11facadb4870c2c') in 0.046253 seconds
Number of updated asset objects reloaded before import = 0
Number of asset objects unloaded after import = 3
========================================================================
Received Import Request.
  Time since last request: 687.754437 seconds.
  path: Assets/2D Platformer Assets/Graphics/Level Art/Props/shrooms.png
  artifactKey: Guid(c79491ebd568b894ba688c07429e4bc6) Importer(815301076,1909f56bfc062723c751e8b465ee728b)
Start importing Assets/2D Platformer Assets/Graphics/Level Art/Props/shrooms.png using Guid(c79491ebd568b894ba688c07429e4bc6) Importer(815301076,1909f56bfc062723c751e8b465ee728b) [PhysX] Initialized MultithreadedTaskDispatcher with 16 workers.
[PhysX] Initialized MultithreadedTaskDispatcher with 16 workers.
 -> (artifact id: '4cde6fc9886ccb604dc1474a15b73c62') in 0.053440 seconds
Number of updated asset objects reloaded before import = 0
Number of asset objects unloaded after import = 3
========================================================================
Received Import Request.
  Time since last request: 0.000079 seconds.
  path: Assets/2D Platformer Assets/Graphics/Level Art/Props/skulls.png
  artifactKey: Guid(3b4ee678bbc112e4a9a744f727ce1863) Importer(815301076,1909f56bfc062723c751e8b465ee728b)
Start importing Assets/2D Platformer Assets/Graphics/Level Art/Props/skulls.png using Guid(3b4ee678bbc112e4a9a744f727ce1863) Importer(815301076,1909f56bfc062723c751e8b465ee728b) [PhysX] Initialized MultithreadedTaskDispatcher with 16 workers.
[PhysX] Initialized MultithreadedTaskDispatcher with 16 workers.
 -> (artifact id: 'af188c41797480de5ec4d20d2a172f49') in 0.043545 seconds
Number of updated asset objects reloaded before import = 0
Number of asset objects unloaded after import = 3
========================================================================
Received Import Request.
  Time since last request: 0.000064 seconds.
  path: Assets/2D Platformer Assets/Graphics/Level Art/Props/sign_glow.png
  artifactKey: Guid(0b6c56e957944bd4c8d837371265d8a9) Importer(815301076,1909f56bfc062723c751e8b465ee728b)
Start importing Assets/2D Platformer Assets/Graphics/Level Art/Props/sign_glow.png using Guid(0b6c56e957944bd4c8d837371265d8a9) Importer(815301076,1909f56bfc062723c751e8b465ee728b) [PhysX] Initialized MultithreadedTaskDispatcher with 16 workers.
[PhysX] Initialized MultithreadedTaskDispatcher with 16 workers.
 -> (artifact id: '83d657449e00873775c3878ac8a7dd7f') in 0.045065 seconds
Number of updated asset objects reloaded before import = 0
Number of asset objects unloaded after import = 3
========================================================================
Received Import Request.
  Time since last request: 1.520105 seconds.
  path: Assets/2D Platformer Assets/Graphics/Level Art/Tileset/sunnyland_tiles_relaid_Padded_0.asset
  artifactKey: Guid(5515560660d00c146888c9a045f37f85) Importer(815301076,1909f56bfc062723c751e8b465ee728b)
Start importing Assets/2D Platformer Assets/Graphics/Level Art/Tileset/sunnyland_tiles_relaid_Padded_0.asset using Guid(5515560660d00c146888c9a045f37f85) Importer(815301076,1909f56bfc062723c751e8b465ee728b) [PhysX] Initialized MultithreadedTaskDispatcher with 16 workers.
 -> (artifact id: 'f3e3386bed0284aefff51870543e64a7') in 0.057798 seconds
Number of updated asset objects reloaded before import = 0
Number of asset objects unloaded after import = 3
========================================================================
Received Import Request.
  Time since last request: 0.020747 seconds.
  path: Assets/2D Platformer Assets/Graphics/Level Art/Tileset/sunnyland_tiles_relaid_Padded_3.asset
  artifactKey: Guid(003721a9c30ca80479fc52b702be7f90) Importer(815301076,1909f56bfc062723c751e8b465ee728b)
Start importing Assets/2D Platformer Assets/Graphics/Level Art/Tileset/sunnyland_tiles_relaid_Padded_3.asset using Guid(003721a9c30ca80479fc52b702be7f90) Importer(815301076,1909f56bfc062723c751e8b465ee728b) [PhysX] Initialized MultithreadedTaskDispatcher with 16 workers.
 -> (artifact id: '5c8239024ba4b942eece631ee7c8704f') in 0.030667 seconds
Number of updated asset objects reloaded before import = 0
Number of asset objects unloaded after import = 3
========================================================================
Received Import Request.
  Time since last request: 0.000058 seconds.
  path: Assets/2D Platformer Assets/Graphics/Level Art/Tileset/sunnyland_tiles_relaid_Padded_2.asset
  artifactKey: Guid(e2aa89777309c9840978a4f65ed5dc6c) Importer(815301076,1909f56bfc062723c751e8b465ee728b)
Start importing Assets/2D Platformer Assets/Graphics/Level Art/Tileset/sunnyland_tiles_relaid_Padded_2.asset using Guid(e2aa89777309c9840978a4f65ed5dc6c) Importer(815301076,1909f56bfc062723c751e8b465ee728b) [PhysX] Initialized MultithreadedTaskDispatcher with 16 workers.
 -> (artifact id: '699e82886f1cf75cdc72cf8e7a219669') in 0.033152 seconds
Number of updated asset objects reloaded before import = 0
Number of asset objects unloaded after import = 3
========================================================================
Received Import Request.
  Time since last request: 0.000061 seconds.
  path: Assets/2D Platformer Assets/Graphics/Level Art/Tileset/sunnyland_tiles_relaid_Padded_6.asset
  artifactKey: Guid(5c02c8b9bcd081c40835bb2c62ec5cb9) Importer(815301076,1909f56bfc062723c751e8b465ee728b)
Start importing Assets/2D Platformer Assets/Graphics/Level Art/Tileset/sunnyland_tiles_relaid_Padded_6.asset using Guid(5c02c8b9bcd081c40835bb2c62ec5cb9) Importer(815301076,1909f56bfc062723c751e8b465ee728b) [PhysX] Initialized MultithreadedTaskDispatcher with 16 workers.
 -> (artifact id: 'f0eb83dc1cbd2ac3c63a26fe89adec84') in 0.027162 seconds
Number of updated asset objects reloaded before import = 0
Number of asset objects unloaded after import = 3
========================================================================
Received Import Request.
  Time since last request: 0.000053 seconds.
  path: Assets/2D Platformer Assets/Graphics/Level Art/Tileset/sunnyland_tiles_relaid_Padded_7.asset
  artifactKey: Guid(50b9cdfc558b9f84daac28ea2a69167c) Importer(815301076,1909f56bfc062723c751e8b465ee728b)
Start importing Assets/2D Platformer Assets/Graphics/Level Art/Tileset/sunnyland_tiles_relaid_Padded_7.asset using Guid(50b9cdfc558b9f84daac28ea2a69167c) Importer(815301076,1909f56bfc062723c751e8b465ee728b) [PhysX] Initialized MultithreadedTaskDispatcher with 16 workers.
 -> (artifact id: 'f9c24c82189bdb86e245ed0417c884bf') in 0.025408 seconds
Number of updated asset objects reloaded before import = 0
Number of asset objects unloaded after import = 3
========================================================================
Received Import Request.
  Time since last request: 0.011849 seconds.
  path: Assets/2D Platformer Assets/Graphics/Level Art/Tileset/sunnyland_tiles_relaid_Padded_5.asset
  artifactKey: Guid(f826a63505cb0c3439c43c8998b7baa0) Importer(815301076,1909f56bfc062723c751e8b465ee728b)
Start importing Assets/2D Platformer Assets/Graphics/Level Art/Tileset/sunnyland_tiles_relaid_Padded_5.asset using Guid(f826a63505cb0c3439c43c8998b7baa0) Importer(815301076,1909f56bfc062723c751e8b465ee728b) [PhysX] Initialized MultithreadedTaskDispatcher with 16 workers.
 -> (artifact id: 'dfc39843e6a83f5856ecd0473e96cc63') in 0.029565 seconds
Number of updated asset objects reloaded before import = 0
Number of asset objects unloaded after import = 3
========================================================================
Received Import Request.
  Time since last request: 0.000039 seconds.
  path: Assets/2D Platformer Assets/Graphics/Level Art/Tileset/sunnyland_tiles_relaid_Padded_10.asset
  artifactKey: Guid(123da8aae8f0c094082f3ccc9489a3b0) Importer(815301076,1909f56bfc062723c751e8b465ee728b)
Start importing Assets/2D Platformer Assets/Graphics/Level Art/Tileset/sunnyland_tiles_relaid_Padded_10.asset using Guid(123da8aae8f0c094082f3ccc9489a3b0) Importer(815301076,1909f56bfc062723c751e8b465ee728b) [PhysX] Initialized MultithreadedTaskDispatcher with 16 workers.
 -> (artifact id: '973eeda310ce3ad9b34880a9666bc675') in 0.022423 seconds
Number of updated asset objects reloaded before import = 0
Number of asset objects unloaded after import = 3
========================================================================
Received Import Request.
  Time since last request: 0.000030 seconds.
  path: Assets/2D Platformer Assets/Graphics/Level Art/Tileset/sunnyland_tiles_relaid_Padded_13.asset
  artifactKey: Guid(f997d82ec4ff62c439e694a3624c20db) Importer(815301076,1909f56bfc062723c751e8b465ee728b)
Start importing Assets/2D Platformer Assets/Graphics/Level Art/Tileset/sunnyland_tiles_relaid_Padded_13.asset using Guid(f997d82ec4ff62c439e694a3624c20db) Importer(815301076,1909f56bfc062723c751e8b465ee728b) [PhysX] Initialized MultithreadedTaskDispatcher with 16 workers.
 -> (artifact id: '507f73ed0ed2322e4e0b1580616368a7') in 0.018232 seconds
Number of updated asset objects reloaded before import = 0
Number of asset objects unloaded after import = 3
========================================================================
Received Import Request.
  Time since last request: 0.000035 seconds.
  path: Assets/2D Platformer Assets/Graphics/Level Art/Tileset/sunnyland_tiles_relaid_Padded_14.asset
  artifactKey: Guid(ba0f9912d39dc914e82c8650f320d701) Importer(815301076,1909f56bfc062723c751e8b465ee728b)
Start importing Assets/2D Platformer Assets/Graphics/Level Art/Tileset/sunnyland_tiles_relaid_Padded_14.asset using Guid(ba0f9912d39dc914e82c8650f320d701) Importer(815301076,1909f56bfc062723c751e8b465ee728b) [PhysX] Initialized MultithreadedTaskDispatcher with 16 workers.
 -> (artifact id: '7f8d8ed9f8869fbb61f7057a9a9912ce') in 0.022747 seconds
Number of updated asset objects reloaded before import = 0
Number of asset objects unloaded after import = 3
========================================================================
Received Import Request.
  Time since last request: 0.000042 seconds.
  path: Assets/2D Platformer Assets/Graphics/Level Art/Tileset/sunnyland_tiles_relaid_Padded_16.asset
  artifactKey: Guid(e92ce4edbfa87d44c949de8bf4519bb6) Importer(815301076,1909f56bfc062723c751e8b465ee728b)
Start importing Assets/2D Platformer Assets/Graphics/Level Art/Tileset/sunnyland_tiles_relaid_Padded_16.asset using Guid(e92ce4edbfa87d44c949de8bf4519bb6) Importer(815301076,1909f56bfc062723c751e8b465ee728b) [PhysX] Initialized MultithreadedTaskDispatcher with 16 workers.
 -> (artifact id: 'cc575a3e5fa08ed50e09962c19dadc2e') in 0.013128 seconds
Number of updated asset objects reloaded before import = 0
Number of asset objects unloaded after import = 3
========================================================================
Received Import Request.
  Time since last request: 0.000159 seconds.
  path: Assets/2D Platformer Assets/Graphics/Level Art/Tileset/sunnyland_tiles_relaid_Padded_9.asset
  artifactKey: Guid(3b9aaf1c9a4f9b84db017fc4ac6da8e7) Importer(815301076,1909f56bfc062723c751e8b465ee728b)
Start importing Assets/2D Platformer Assets/Graphics/Level Art/Tileset/sunnyland_tiles_relaid_Padded_9.asset using Guid(3b9aaf1c9a4f9b84db017fc4ac6da8e7) Importer(815301076,1909f56bfc062723c751e8b465ee728b) [PhysX] Initialized MultithreadedTaskDispatcher with 16 workers.
 -> (artifact id: '03b36170bd18ddcbcd633056653e7f7a') in 0.019731 seconds
Number of updated asset objects reloaded before import = 0
Number of asset objects unloaded after import = 3
========================================================================
Received Import Request.
  Time since last request: 0.000045 seconds.
  path: Assets/2D Platformer Assets/Graphics/Level Art/Tileset/sunnyland_tiles_relaid_Padded_19.asset
  artifactKey: Guid(b2a55d82f3093ad4c913ce40074c48a9) Importer(815301076,1909f56bfc062723c751e8b465ee728b)
Start importing Assets/2D Platformer Assets/Graphics/Level Art/Tileset/sunnyland_tiles_relaid_Padded_19.asset using Guid(b2a55d82f3093ad4c913ce40074c48a9) Importer(815301076,1909f56bfc062723c751e8b465ee728b) [PhysX] Initialized MultithreadedTaskDispatcher with 16 workers.
 -> (artifact id: '67dc9a9c61239c6c2d599d9a2462fef0') in 0.022820 seconds
Number of updated asset objects reloaded before import = 0
Number of asset objects unloaded after import = 3
========================================================================
Received Import Request.
  Time since last request: 0.000032 seconds.
  path: Assets/2D Platformer Assets/Graphics/Level Art/Tileset/sunnyland_tiles_relaid_Padded_22.asset
  artifactKey: Guid(7eb64a7c98dc83e488f08fc4e54b49ac) Importer(815301076,1909f56bfc062723c751e8b465ee728b)
Start importing Assets/2D Platformer Assets/Graphics/Level Art/Tileset/sunnyland_tiles_relaid_Padded_22.asset using Guid(7eb64a7c98dc83e488f08fc4e54b49ac) Importer(815301076,1909f56bfc062723c751e8b465ee728b) [PhysX] Initialized MultithreadedTaskDispatcher with 16 workers.
 -> (artifact id: '470525d19842956f7c83504188da3cdd') in 0.018048 seconds
Number of updated asset objects reloaded before import = 0
Number of asset objects unloaded after import = 3
========================================================================
Received Import Request.
  Time since last request: 0.000033 seconds.
  path: Assets/2D Platformer Assets/Graphics/Level Art/Tileset/sunnyland_tiles_relaid_Padded_24.asset
  artifactKey: Guid(b78c2609a08c7ae45aa17f148cdcfd97) Importer(815301076,1909f56bfc062723c751e8b465ee728b)
Start importing Assets/2D Platformer Assets/Graphics/Level Art/Tileset/sunnyland_tiles_relaid_Padded_24.asset using Guid(b78c2609a08c7ae45aa17f148cdcfd97) Importer(815301076,1909f56bfc062723c751e8b465ee728b) [PhysX] Initialized MultithreadedTaskDispatcher with 16 workers.
 -> (artifact id: '780e5938f0f48d7123a3f961ae85487e') in 0.018936 seconds
Number of updated asset objects reloaded before import = 0
Number of asset objects unloaded after import = 3
========================================================================
Received Import Request.
  Time since last request: 0.000043 seconds.
  path: Assets/2D Platformer Assets/Graphics/Level Art/Tileset/sunnyland_tiles_relaid_Padded_20.asset
  artifactKey: Guid(8744c320aa0c990478a0e3889548f5da) Importer(815301076,1909f56bfc062723c751e8b465ee728b)
Start importing Assets/2D Platformer Assets/Graphics/Level Art/Tileset/sunnyland_tiles_relaid_Padded_20.asset using Guid(8744c320aa0c990478a0e3889548f5da) Importer(815301076,1909f56bfc062723c751e8b465ee728b) [PhysX] Initialized MultithreadedTaskDispatcher with 16 workers.
 -> (artifact id: '9d0d399c0e7848bc81bc27a6598579ec') in 0.018518 seconds
Number of updated asset objects reloaded before import = 0
Number of asset objects unloaded after import = 3
========================================================================
Received Import Request.
  Time since last request: 0.000031 seconds.
  path: Assets/2D Platformer Assets/Graphics/Level Art/Tileset/sunnyland_tiles_relaid_Padded_28.asset
  artifactKey: Guid(6f5d4af70579e3f4cbc94ac87bec9f0d) Importer(815301076,1909f56bfc062723c751e8b465ee728b)
Start importing Assets/2D Platformer Assets/Graphics/Level Art/Tileset/sunnyland_tiles_relaid_Padded_28.asset using Guid(6f5d4af70579e3f4cbc94ac87bec9f0d) Importer(815301076,1909f56bfc062723c751e8b465ee728b) [PhysX] Initialized MultithreadedTaskDispatcher with 16 workers.
 -> (artifact id: '5d049d46d91dfd818892b44f3b11b83b') in 0.018360 seconds
Number of updated asset objects reloaded before import = 0
Number of asset objects unloaded after import = 3
========================================================================
Received Import Request.
  Time since last request: 0.000029 seconds.
  path: Assets/2D Platformer Assets/Graphics/Level Art/Tileset/sunnyland_tiles_relaid_Padded_27.asset
  artifactKey: Guid(53f8d678efed9fe4aaefc44b4b8caeb8) Importer(815301076,1909f56bfc062723c751e8b465ee728b)
Start importing Assets/2D Platformer Assets/Graphics/Level Art/Tileset/sunnyland_tiles_relaid_Padded_27.asset using Guid(53f8d678efed9fe4aaefc44b4b8caeb8) Importer(815301076,1909f56bfc062723c751e8b465ee728b) [PhysX] Initialized MultithreadedTaskDispatcher with 16 workers.
 -> (artifact id: 'f4ac7b30c36a97b8319eef08c3750187') in 0.021111 seconds
Number of updated asset objects reloaded before import = 0
Number of asset objects unloaded after import = 3
========================================================================
Received Import Request.
  Time since last request: 0.000040 seconds.
  path: Assets/2D Platformer Assets/Graphics/Level Art/Tileset/sunnyland_tiles_relaid_Padded_31.asset
  artifactKey: Guid(bd902012f7347794884daa65710b3ad8) Importer(815301076,1909f56bfc062723c751e8b465ee728b)
Start importing Assets/2D Platformer Assets/Graphics/Level Art/Tileset/sunnyland_tiles_relaid_Padded_31.asset using Guid(bd902012f7347794884daa65710b3ad8) Importer(815301076,1909f56bfc062723c751e8b465ee728b) [PhysX] Initialized MultithreadedTaskDispatcher with 16 workers.
 -> (artifact id: 'f41f078877a236c97ec397ae95e56f75') in 0.032075 seconds
Number of updated asset objects reloaded before import = 0
Number of asset objects unloaded after import = 3
========================================================================
Received Import Request.
  Time since last request: 0.000028 seconds.
  path: Assets/2D Platformer Assets/Graphics/Level Art/Tileset/sunnyland_tiles_relaid_Padded_32.asset
  artifactKey: Guid(c16902bfe2b7fcc4287f683ae91e40c6) Importer(815301076,1909f56bfc062723c751e8b465ee728b)
Start importing Assets/2D Platformer Assets/Graphics/Level Art/Tileset/sunnyland_tiles_relaid_Padded_32.asset using Guid(c16902bfe2b7fcc4287f683ae91e40c6) Importer(815301076,1909f56bfc062723c751e8b465ee728b) [PhysX] Initialized MultithreadedTaskDispatcher with 16 workers.
 -> (artifact id: '18dfa0f12a16d6a226acfb194217ef24') in 0.020687 seconds
Number of updated asset objects reloaded before import = 0
Number of asset objects unloaded after import = 3
========================================================================
Received Import Request.
  Time since last request: 0.000044 seconds.
  path: Assets/2D Platformer Assets/Graphics/Level Art/Tileset/sunnyland_tiles_relaid_Padded_35.asset
  artifactKey: Guid(2b8cd23045bddac48aafd85952f07f37) Importer(815301076,1909f56bfc062723c751e8b465ee728b)
Start importing Assets/2D Platformer Assets/Graphics/Level Art/Tileset/sunnyland_tiles_relaid_Padded_35.asset using Guid(2b8cd23045bddac48aafd85952f07f37) Importer(815301076,1909f56bfc062723c751e8b465ee728b) [PhysX] Initialized MultithreadedTaskDispatcher with 16 workers.
 -> (artifact id: '2b508d2c7f99f809c9acb76956675597') in 0.026931 seconds
Number of updated asset objects reloaded before import = 0
Number of asset objects unloaded after import = 3
========================================================================
Received Import Request.
  Time since last request: 0.000052 seconds.
  path: Assets/2D Platformer Assets/Graphics/Level Art/Tileset/sunnyland_tiles_relaid_Padded_36.asset
  artifactKey: Guid(58e34614b3e248547ab7ad78b9624129) Importer(815301076,1909f56bfc062723c751e8b465ee728b)
Start importing Assets/2D Platformer Assets/Graphics/Level Art/Tileset/sunnyland_tiles_relaid_Padded_36.asset using Guid(58e34614b3e248547ab7ad78b9624129) Importer(815301076,1909f56bfc062723c751e8b465ee728b) [PhysX] Initialized MultithreadedTaskDispatcher with 16 workers.
 -> (artifact id: '9b1e7a10293fcaa54d7cc4cb1fc4f2b9') in 0.031545 seconds
Number of updated asset objects reloaded before import = 0
Number of asset objects unloaded after import = 3
========================================================================
Received Import Request.
  Time since last request: 0.000090 seconds.
  path: Assets/2D Platformer Assets/Graphics/Level Art/Tileset/sunnyland_tiles_relaid_Padded_37.asset
  artifactKey: Guid(e9009b47c2d903945972bf4ea25599eb) Importer(815301076,1909f56bfc062723c751e8b465ee728b)
Start importing Assets/2D Platformer Assets/Graphics/Level Art/Tileset/sunnyland_tiles_relaid_Padded_37.asset using Guid(e9009b47c2d903945972bf4ea25599eb) Importer(815301076,1909f56bfc062723c751e8b465ee728b) [PhysX] Initialized MultithreadedTaskDispatcher with 16 workers.
 -> (artifact id: 'b4e5497b86238b6a8b980b55bfaa35bc') in 0.025189 seconds
Number of updated asset objects reloaded before import = 0
Number of asset objects unloaded after import = 3
========================================================================
Received Import Request.
  Time since last request: 0.000059 seconds.
  path: Assets/2D Platformer Assets/Graphics/Level Art/Tileset/sunnyland_tiles_relaid_Padded_40.asset
  artifactKey: Guid(4a69e2e7763045b438f000d39242df11) Importer(815301076,1909f56bfc062723c751e8b465ee728b)
Start importing Assets/2D Platformer Assets/Graphics/Level Art/Tileset/sunnyland_tiles_relaid_Padded_40.asset using Guid(4a69e2e7763045b438f000d39242df11) Importer(815301076,1909f56bfc062723c751e8b465ee728b) [PhysX] Initialized MultithreadedTaskDispatcher with 16 workers.
 -> (artifact id: '30610f3212ca699c2fc33ee074c6dcda') in 0.025630 seconds
Number of updated asset objects reloaded before import = 0
Number of asset objects unloaded after import = 3
========================================================================
Received Import Request.
  Time since last request: 0.000075 seconds.
  path: Assets/2D Platformer Assets/Graphics/Level Art/Tileset/sunnyland_tiles_relaid_Padded_42.asset
  artifactKey: Guid(65980946993264140b11722b467d7d1a) Importer(815301076,1909f56bfc062723c751e8b465ee728b)
Start importing Assets/2D Platformer Assets/Graphics/Level Art/Tileset/sunnyland_tiles_relaid_Padded_42.asset using Guid(65980946993264140b11722b467d7d1a) Importer(815301076,1909f56bfc062723c751e8b465ee728b) [PhysX] Initialized MultithreadedTaskDispatcher with 16 workers.
 -> (artifact id: '179012390c563ff4037ae9b539d785b3') in 0.025872 seconds
Number of updated asset objects reloaded before import = 0
Number of asset objects unloaded after import = 3
========================================================================
Received Import Request.
  Time since last request: 0.000085 seconds.
  path: Assets/2D Platformer Assets/Graphics/Level Art/Tileset/sunnyland_tiles_relaid_Padded_44.asset
  artifactKey: Guid(7b6f10f4f2f372b44a17f659ae62a1dc) Importer(815301076,1909f56bfc062723c751e8b465ee728b)
Start importing Assets/2D Platformer Assets/Graphics/Level Art/Tileset/sunnyland_tiles_relaid_Padded_44.asset using Guid(7b6f10f4f2f372b44a17f659ae62a1dc) Importer(815301076,1909f56bfc062723c751e8b465ee728b) [PhysX] Initialized MultithreadedTaskDispatcher with 16 workers.
 -> (artifact id: '55cc763c76394362987953249876e23f') in 0.025822 seconds
Number of updated asset objects reloaded before import = 0
Number of asset objects unloaded after import = 3
========================================================================
Received Import Request.
  Time since last request: 0.000043 seconds.
  path: Assets/2D Platformer Assets/Graphics/Level Art/Tileset/sunnyland_tiles_relaid_Padded_46.asset
  artifactKey: Guid(fb480ef8bf4c21a4ca9e0ad352a23eed) Importer(815301076,1909f56bfc062723c751e8b465ee728b)
Start importing Assets/2D Platformer Assets/Graphics/Level Art/Tileset/sunnyland_tiles_relaid_Padded_46.asset using Guid(fb480ef8bf4c21a4ca9e0ad352a23eed) Importer(815301076,1909f56bfc062723c751e8b465ee728b) [PhysX] Initialized MultithreadedTaskDispatcher with 16 workers.
 -> (artifact id: 'd3dbccecbd2d2686d116d86fc3c41848') in 0.025886 seconds
Number of updated asset objects reloaded before import = 0
Number of asset objects unloaded after import = 3
========================================================================
Received Import Request.
  Time since last request: 0.000039 seconds.
  path: Assets/2D Platformer Assets/Graphics/Level Art/Tileset/sunnyland_tiles_relaid_Padded_8.asset
  artifactKey: Guid(8488f4ebab4388246bbd916529d47d5e) Importer(815301076,1909f56bfc062723c751e8b465ee728b)
Start importing Assets/2D Platformer Assets/Graphics/Level Art/Tileset/sunnyland_tiles_relaid_Padded_8.asset using Guid(8488f4ebab4388246bbd916529d47d5e) Importer(815301076,1909f56bfc062723c751e8b465ee728b) [PhysX] Initialized MultithreadedTaskDispatcher with 16 workers.
 -> (artifact id: 'd72b422a5ef0a868b6453a827a3d3ec2') in 0.025577 seconds
Number of updated asset objects reloaded before import = 0
Number of asset objects unloaded after import = 3
========================================================================
Received Import Request.
  Time since last request: 0.000047 seconds.
  path: Assets/2D Platformer Assets/Graphics/Level Art/Tileset/sunnyland_tiles_relaid_Padded_23.asset
  artifactKey: Guid(d6c40dcc343774c47930edf40eabfe7c) Importer(815301076,1909f56bfc062723c751e8b465ee728b)
Start importing Assets/2D Platformer Assets/Graphics/Level Art/Tileset/sunnyland_tiles_relaid_Padded_23.asset using Guid(d6c40dcc343774c47930edf40eabfe7c) Importer(815301076,1909f56bfc062723c751e8b465ee728b) [PhysX] Initialized MultithreadedTaskDispatcher with 16 workers.
 -> (artifact id: 'd30c85bff658453a12ffb3b0e3c3d459') in 0.012290 seconds
Number of updated asset objects reloaded before import = 0
Number of asset objects unloaded after import = 3
========================================================================
Received Import Request.
  Time since last request: 0.000055 seconds.
  path: Assets/2D Platformer Assets/Graphics/Level Art/Tileset/sunnyland_tiles_relaid_Padded_26.asset
  artifactKey: Guid(28eec5aa3950fde47b83f3dfbb93467e) Importer(815301076,1909f56bfc062723c751e8b465ee728b)
Start importing Assets/2D Platformer Assets/Graphics/Level Art/Tileset/sunnyland_tiles_relaid_Padded_26.asset using Guid(28eec5aa3950fde47b83f3dfbb93467e) Importer(815301076,1909f56bfc062723c751e8b465ee728b) [PhysX] Initialized MultithreadedTaskDispatcher with 16 workers.
 -> (artifact id: 'f4df8ead3d98f7b6b43bb2201e939da6') in 0.025162 seconds
Number of updated asset objects reloaded before import = 0
Number of asset objects unloaded after import = 3
========================================================================
Received Import Request.
  Time since last request: 0.000040 seconds.
  path: Assets/2D Platformer Assets/Graphics/Level Art/Tileset/sunnyland_tiles_relaid_Padded_53.asset
  artifactKey: Guid(7b2c4f0bf4da1574facb324513898802) Importer(815301076,1909f56bfc062723c751e8b465ee728b)
Start importing Assets/2D Platformer Assets/Graphics/Level Art/Tileset/sunnyland_tiles_relaid_Padded_53.asset using Guid(7b2c4f0bf4da1574facb324513898802) Importer(815301076,1909f56bfc062723c751e8b465ee728b) [PhysX] Initialized MultithreadedTaskDispatcher with 16 workers.
 -> (artifact id: '2eae603bfae21d88cc0ea0228473d4ed') in 0.024106 seconds
Number of updated asset objects reloaded before import = 0
Number of asset objects unloaded after import = 3
========================================================================
Received Import Request.
  Time since last request: 0.000058 seconds.
  path: Assets/2D Platformer Assets/Graphics/Level Art/Tileset/sunnyland_tiles_relaid_Padded_54.asset
  artifactKey: Guid(5c4aea5333ae6c84eadab27f357bdeeb) Importer(815301076,1909f56bfc062723c751e8b465ee728b)
Start importing Assets/2D Platformer Assets/Graphics/Level Art/Tileset/sunnyland_tiles_relaid_Padded_54.asset using Guid(5c4aea5333ae6c84eadab27f357bdeeb) Importer(815301076,1909f56bfc062723c751e8b465ee728b) [PhysX] Initialized MultithreadedTaskDispatcher with 16 workers.
 -> (artifact id: '144113dd1cfe0148e1501005141b3804') in 0.029417 seconds
Number of updated asset objects reloaded before import = 0
Number of asset objects unloaded after import = 3
========================================================================
Received Import Request.
  Time since last request: 0.000047 seconds.
  path: Assets/2D Platformer Assets/Graphics/Level Art/Tileset/sunnyland_tiles_relaid_Padded_11.asset
  artifactKey: Guid(1120a7b57dfec18488ba224cc075a4d6) Importer(815301076,1909f56bfc062723c751e8b465ee728b)
Start importing Assets/2D Platformer Assets/Graphics/Level Art/Tileset/sunnyland_tiles_relaid_Padded_11.asset using Guid(1120a7b57dfec18488ba224cc075a4d6) Importer(815301076,1909f56bfc062723c751e8b465ee728b) [PhysX] Initialized MultithreadedTaskDispatcher with 16 workers.
 -> (artifact id: 'fac4fc85238abda5a04822bbaf62cf3c') in 0.009902 seconds
Number of updated asset objects reloaded before import = 0
Number of asset objects unloaded after import = 3
========================================================================
Received Import Request.
  Time since last request: 0.000038 seconds.
  path: Assets/2D Platformer Assets/Graphics/Level Art/Tileset/sunnyland_tiles_relaid_Padded_4.asset
  artifactKey: Guid(7af10b60541349c4bb93b99f5ed2b6e4) Importer(815301076,1909f56bfc062723c751e8b465ee728b)
Start importing Assets/2D Platformer Assets/Graphics/Level Art/Tileset/sunnyland_tiles_relaid_Padded_4.asset using Guid(7af10b60541349c4bb93b99f5ed2b6e4) Importer(815301076,1909f56bfc062723c751e8b465ee728b) [PhysX] Initialized MultithreadedTaskDispatcher with 16 workers.
 -> (artifact id: '8bb4b01b2d3fa2f3d6055bda20c414cf') in 0.024585 seconds
Number of updated asset objects reloaded before import = 0
Number of asset objects unloaded after import = 3
========================================================================
Received Import Request.
  Time since last request: 0.000071 seconds.
  path: Assets/2D Platformer Assets/Graphics/Level Art/Tileset/sunnyland_tiles_relaid_Padded_15.asset
  artifactKey: Guid(e2eb56fd92c70e44c87e6ce9c627c951) Importer(815301076,1909f56bfc062723c751e8b465ee728b)
Start importing Assets/2D Platformer Assets/Graphics/Level Art/Tileset/sunnyland_tiles_relaid_Padded_15.asset using Guid(e2eb56fd92c70e44c87e6ce9c627c951) Importer(815301076,1909f56bfc062723c751e8b465ee728b) [PhysX] Initialized MultithreadedTaskDispatcher with 16 workers.
 -> (artifact id: '4ce091a953d5524f7a1ac351be60604c') in 0.024626 seconds
Number of updated asset objects reloaded before import = 0
Number of asset objects unloaded after import = 3
========================================================================
Received Import Request.
  Time since last request: 0.000062 seconds.
  path: Assets/2D Platformer Assets/Graphics/Level Art/Tileset/sunnyland_tiles_relaid_Padded_30.asset
  artifactKey: Guid(1ec9ef273d944d642895d8a773426a66) Importer(815301076,1909f56bfc062723c751e8b465ee728b)
Start importing Assets/2D Platformer Assets/Graphics/Level Art/Tileset/sunnyland_tiles_relaid_Padded_30.asset using Guid(1ec9ef273d944d642895d8a773426a66) Importer(815301076,1909f56bfc062723c751e8b465ee728b) [PhysX] Initialized MultithreadedTaskDispatcher with 16 workers.
 -> (artifact id: 'd5335a55b98be7227e65aa441432c6be') in 0.028093 seconds
Number of updated asset objects reloaded before import = 0
Number of asset objects unloaded after import = 3
========================================================================
Received Import Request.
  Time since last request: 0.000043 seconds.
  path: Assets/2D Platformer Assets/Graphics/Level Art/Tileset/sunnyland_tiles_relaid_Padded_21.asset
  artifactKey: Guid(b4ea0ac9a5c46aa4aae0ea3f92622b2b) Importer(815301076,1909f56bfc062723c751e8b465ee728b)
Start importing Assets/2D Platformer Assets/Graphics/Level Art/Tileset/sunnyland_tiles_relaid_Padded_21.asset using Guid(b4ea0ac9a5c46aa4aae0ea3f92622b2b) Importer(815301076,1909f56bfc062723c751e8b465ee728b) [PhysX] Initialized MultithreadedTaskDispatcher with 16 workers.
 -> (artifact id: '4fb8f9b3d8445c10a61f3169fc4d85a6') in 0.024867 seconds
Number of updated asset objects reloaded before import = 0
Number of asset objects unloaded after import = 3
========================================================================
Received Import Request.
  Time since last request: 0.000089 seconds.
  path: Assets/2D Platformer Assets/Graphics/Level Art/Tileset/sunnyland_tiles_relaid_Padded_33.asset
  artifactKey: Guid(ce2371c9dbb195f409d0fef7c45e1611) Importer(815301076,1909f56bfc062723c751e8b465ee728b)
Start importing Assets/2D Platformer Assets/Graphics/Level Art/Tileset/sunnyland_tiles_relaid_Padded_33.asset using Guid(ce2371c9dbb195f409d0fef7c45e1611) Importer(815301076,1909f56bfc062723c751e8b465ee728b) [PhysX] Initialized MultithreadedTaskDispatcher with 16 workers.
 -> (artifact id: 'a2d50a8f3b34ffc31b8fff4195cc345b') in 0.027117 seconds
Number of updated asset objects reloaded before import = 0
Number of asset objects unloaded after import = 3
========================================================================
Received Import Request.
  Time since last request: 0.000060 seconds.
  path: Assets/2D Platformer Assets/Graphics/Level Art/Tileset/sunnyland_tiles_relaid_Padded_50.asset
  artifactKey: Guid(2e830f0aee7ced1408a224e5275df85b) Importer(815301076,1909f56bfc062723c751e8b465ee728b)
Start importing Assets/2D Platformer Assets/Graphics/Level Art/Tileset/sunnyland_tiles_relaid_Padded_50.asset using Guid(2e830f0aee7ced1408a224e5275df85b) Importer(815301076,1909f56bfc062723c751e8b465ee728b) [PhysX] Initialized MultithreadedTaskDispatcher with 16 workers.
 -> (artifact id: 'a681b1893d81ff90de251804211bd010') in 0.028177 seconds
Number of updated asset objects reloaded before import = 0
Number of asset objects unloaded after import = 3
========================================================================
Received Import Request.
  Time since last request: 1.779852 seconds.
  path: Assets/2D Platformer Assets/Graphics/Level Art/Tileset/sunnyland_tiles_relaid_Padded_57.asset
  artifactKey: Guid(2973f671aa678b846a083af636d5bfde) Importer(815301076,1909f56bfc062723c751e8b465ee728b)
Start importing Assets/2D Platformer Assets/Graphics/Level Art/Tileset/sunnyland_tiles_relaid_Padded_57.asset using Guid(2973f671aa678b846a083af636d5bfde) Importer(815301076,1909f56bfc062723c751e8b465ee728b) [PhysX] Initialized MultithreadedTaskDispatcher with 16 workers.
 -> (artifact id: '3ec190ba2acc55f04de6b30c9eb1d094') in 0.019484 seconds
Number of updated asset objects reloaded before import = 0
Number of asset objects unloaded after import = 3
========================================================================
Received Import Request.
  Time since last request: 0.005092 seconds.
  path: Assets/2D Platformer Assets/Graphics/Level Art/Tileset/sunnyland_tiles_relaid_Padded_59.asset
  artifactKey: Guid(8d91bdd27a23dd1449c70e2a3d5245fc) Importer(815301076,1909f56bfc062723c751e8b465ee728b)
Start importing Assets/2D Platformer Assets/Graphics/Level Art/Tileset/sunnyland_tiles_relaid_Padded_59.asset using Guid(8d91bdd27a23dd1449c70e2a3d5245fc) Importer(815301076,1909f56bfc062723c751e8b465ee728b) [PhysX] Initialized MultithreadedTaskDispatcher with 16 workers.
 -> (artifact id: '58f9ee0818cd1c229be4847f067b66ad') in 0.020673 seconds
Number of updated asset objects reloaded before import = 0
Number of asset objects unloaded after import = 3
========================================================================
Received Import Request.
  Time since last request: 0.005472 seconds.
  path: Assets/2D Platformer Assets/Graphics/Level Art/Tileset/sunnyland_tiles_relaid_Padded_61.asset
  artifactKey: Guid(7c5c717e210f7ac4d91227c0456a49a6) Importer(815301076,1909f56bfc062723c751e8b465ee728b)
Start importing Assets/2D Platformer Assets/Graphics/Level Art/Tileset/sunnyland_tiles_relaid_Padded_61.asset using Guid(7c5c717e210f7ac4d91227c0456a49a6) Importer(815301076,1909f56bfc062723c751e8b465ee728b) [PhysX] Initialized MultithreadedTaskDispatcher with 16 workers.
 -> (artifact id: 'ea881d1c5a5c0436933ca64180f667f5') in 0.019026 seconds
Number of updated asset objects reloaded before import = 0
Number of asset objects unloaded after import = 3
========================================================================
Received Import Request.
  Time since last request: 0.004130 seconds.
  path: Assets/2D Platformer Assets/Graphics/Level Art/Tileset/sunnyland_tiles_relaid_Padded_63.asset
  artifactKey: Guid(21657d5c266a5ee4fa8f914d9c2a05f0) Importer(815301076,1909f56bfc062723c751e8b465ee728b)
Start importing Assets/2D Platformer Assets/Graphics/Level Art/Tileset/sunnyland_tiles_relaid_Padded_63.asset using Guid(21657d5c266a5ee4fa8f914d9c2a05f0) Importer(815301076,1909f56bfc062723c751e8b465ee728b) [PhysX] Initialized MultithreadedTaskDispatcher with 16 workers.
 -> (artifact id: 'dcd0d6738e808edd3cd8b0e653da6737') in 0.018173 seconds
Number of updated asset objects reloaded before import = 0
Number of asset objects unloaded after import = 3
========================================================================
Received Import Request.
  Time since last request: 0.005684 seconds.
  path: Assets/2D Platformer Assets/Graphics/Level Art/Tileset/sunnyland_tiles_relaid_Padded_65.asset
  artifactKey: Guid(5016dea6c619d534a8f702bdc35dd2f0) Importer(815301076,1909f56bfc062723c751e8b465ee728b)
Start importing Assets/2D Platformer Assets/Graphics/Level Art/Tileset/sunnyland_tiles_relaid_Padded_65.asset using Guid(5016dea6c619d534a8f702bdc35dd2f0) Importer(815301076,1909f56bfc062723c751e8b465ee728b) [PhysX] Initialized MultithreadedTaskDispatcher with 16 workers.
 -> (artifact id: '2a41bb91499fddea8c31d09e940ac919') in 0.019771 seconds
Number of updated asset objects reloaded before import = 0
Number of asset objects unloaded after import = 3
========================================================================
Received Import Request.
  Time since last request: 0.001885 seconds.
  path: Assets/2D Platformer Assets/Graphics/Level Art/Tileset/sunnyland_tiles_relaid_Padded_67.asset
  artifactKey: Guid(bfad887707bb1754ab3a2f4c9f92eec1) Importer(815301076,1909f56bfc062723c751e8b465ee728b)
Start importing Assets/2D Platformer Assets/Graphics/Level Art/Tileset/sunnyland_tiles_relaid_Padded_67.asset using Guid(bfad887707bb1754ab3a2f4c9f92eec1) Importer(815301076,1909f56bfc062723c751e8b465ee728b) [PhysX] Initialized MultithreadedTaskDispatcher with 16 workers.
 -> (artifact id: '83379bd2ecc3ce5081591d4e34fff37d') in 0.020817 seconds
Number of updated asset objects reloaded before import = 0
Number of asset objects unloaded after import = 3
========================================================================
Received Import Request.
  Time since last request: 0.002247 seconds.
  path: Assets/2D Platformer Assets/Graphics/Level Art/Tileset/sunnyland_tiles_relaid_Padded_69.asset
  artifactKey: Guid(f1e81214a6930284fb3ff0ee802b42d9) Importer(815301076,1909f56bfc062723c751e8b465ee728b)
Start importing Assets/2D Platformer Assets/Graphics/Level Art/Tileset/sunnyland_tiles_relaid_Padded_69.asset using Guid(f1e81214a6930284fb3ff0ee802b42d9) Importer(815301076,1909f56bfc062723c751e8b465ee728b) [PhysX] Initialized MultithreadedTaskDispatcher with 16 workers.
 -> (artifact id: 'dadb221f34eeb5a6df87be677fa3a918') in 0.022639 seconds
Number of updated asset objects reloaded before import = 0
Number of asset objects unloaded after import = 3
========================================================================
Received Import Request.
  Time since last request: 0.184991 seconds.
  path: Assets/2D Platformer Assets/Graphics/Level Art/Tileset/sunnyland_tiles_relaid_Padded_71.asset
  artifactKey: Guid(61a2f8cd864372548ac8f248ef630dc2) Importer(815301076,1909f56bfc062723c751e8b465ee728b)
Start importing Assets/2D Platformer Assets/Graphics/Level Art/Tileset/sunnyland_tiles_relaid_Padded_71.asset using Guid(61a2f8cd864372548ac8f248ef630dc2) Importer(815301076,1909f56bfc062723c751e8b465ee728b) [PhysX] Initialized MultithreadedTaskDispatcher with 16 workers.
 -> (artifact id: 'e9501f15b1d9ae3c81d9870612f2fd03') in 0.033349 seconds
Number of updated asset objects reloaded before import = 0
Number of asset objects unloaded after import = 3
========================================================================
Received Import Request.
  Time since last request: 0.000320 seconds.
  path: Assets/2D Platformer Assets/Graphics/Level Art/Tileset/sunnyland_tiles_relaid_Padded_73.asset
  artifactKey: Guid(4973500eb68266544939afb94d7d5fc5) Importer(815301076,1909f56bfc062723c751e8b465ee728b)
Start importing Assets/2D Platformer Assets/Graphics/Level Art/Tileset/sunnyland_tiles_relaid_Padded_73.asset using Guid(4973500eb68266544939afb94d7d5fc5) Importer(815301076,1909f56bfc062723c751e8b465ee728b) [PhysX] Initialized MultithreadedTaskDispatcher with 16 workers.
 -> (artifact id: 'f46ee74e3ad35c4f285ad3011b300f1d') in 0.026387 seconds
Number of updated asset objects reloaded before import = 0
Number of asset objects unloaded after import = 3
========================================================================
Received Import Request.
  Time since last request: 0.000412 seconds.
  path: Assets/2D Platformer Assets/Graphics/Level Art/Tileset/sunnyland_tiles_relaid_Padded_75.asset
  artifactKey: Guid(6c7c050a9375c6f4dbd12da367a1c8e5) Importer(815301076,1909f56bfc062723c751e8b465ee728b)
Start importing Assets/2D Platformer Assets/Graphics/Level Art/Tileset/sunnyland_tiles_relaid_Padded_75.asset using Guid(6c7c050a9375c6f4dbd12da367a1c8e5) Importer(815301076,1909f56bfc062723c751e8b465ee728b) [PhysX] Initialized MultithreadedTaskDispatcher with 16 workers.
 -> (artifact id: 'e99c3b24d1f1a52a3b1772cc5e867bff') in 0.028292 seconds
Number of updated asset objects reloaded before import = 0
Number of asset objects unloaded after import = 3
========================================================================
Received Import Request.
  Time since last request: 0.000111 seconds.
  path: Assets/2D Platformer Assets/Graphics/Level Art/Tileset/sunnyland_tiles_relaid_Padded_77.asset
  artifactKey: Guid(d4b78051505efb74f93968edac0ded07) Importer(815301076,1909f56bfc062723c751e8b465ee728b)
Start importing Assets/2D Platformer Assets/Graphics/Level Art/Tileset/sunnyland_tiles_relaid_Padded_77.asset using Guid(d4b78051505efb74f93968edac0ded07) Importer(815301076,1909f56bfc062723c751e8b465ee728b) [PhysX] Initialized MultithreadedTaskDispatcher with 16 workers.
 -> (artifact id: '0929f62eb0e0872fda10a8a514bbbc8c') in 0.030093 seconds
Number of updated asset objects reloaded before import = 0
Number of asset objects unloaded after import = 3
========================================================================
Received Import Request.
  Time since last request: 0.000037 seconds.
  path: Assets/2D Platformer Assets/Graphics/Level Art/Tileset/sunnyland_tiles_relaid_Padded_80.asset
  artifactKey: Guid(bc8ff4dc2b21138429832197c7a5ec42) Importer(815301076,1909f56bfc062723c751e8b465ee728b)
Start importing Assets/2D Platformer Assets/Graphics/Level Art/Tileset/sunnyland_tiles_relaid_Padded_80.asset using Guid(bc8ff4dc2b21138429832197c7a5ec42) Importer(815301076,1909f56bfc062723c751e8b465ee728b) [PhysX] Initialized MultithreadedTaskDispatcher with 16 workers.
 -> (artifact id: '967df6c30cc962a9e324532d7f6020e8') in 0.028980 seconds
Number of updated asset objects reloaded before import = 0
Number of asset objects unloaded after import = 3
========================================================================
Received Import Request.
  Time since last request: 0.000259 seconds.
  path: Assets/2D Platformer Assets/Graphics/Level Art/Tileset/sunnyland_tiles_relaid_Padded_82.asset
  artifactKey: Guid(8fbb08226f84a1244ba258be987feb9e) Importer(815301076,1909f56bfc062723c751e8b465ee728b)
Start importing Assets/2D Platformer Assets/Graphics/Level Art/Tileset/sunnyland_tiles_relaid_Padded_82.asset using Guid(8fbb08226f84a1244ba258be987feb9e) Importer(815301076,1909f56bfc062723c751e8b465ee728b) [PhysX] Initialized MultithreadedTaskDispatcher with 16 workers.
 -> (artifact id: 'e554775cc9c9f5a0431f559126fcf8a0') in 0.025430 seconds
Number of updated asset objects reloaded before import = 0
Number of asset objects unloaded after import = 3
========================================================================
Received Import Request.
  Time since last request: 0.000032 seconds.
  path: Assets/2D Platformer Assets/Graphics/Level Art/Tileset/sunnyland_tiles_relaid_Padded_83.asset
  artifactKey: Guid(e4e221fcc0d71624883b8f1f4bcecab4) Importer(815301076,1909f56bfc062723c751e8b465ee728b)
Start importing Assets/2D Platformer Assets/Graphics/Level Art/Tileset/sunnyland_tiles_relaid_Padded_83.asset using Guid(e4e221fcc0d71624883b8f1f4bcecab4) Importer(815301076,1909f56bfc062723c751e8b465ee728b) [PhysX] Initialized MultithreadedTaskDispatcher with 16 workers.
 -> (artifact id: '9c98bca2ccfc8aeb77fdb2faaf87449b') in 0.023519 seconds
Number of updated asset objects reloaded before import = 0
Number of asset objects unloaded after import = 3
========================================================================
Received Import Request.
  Time since last request: 0.007907 seconds.
  path: Assets/2D Platformer Assets/Graphics/Level Art/Tileset/sunnyland_tiles_relaid_Padded_85.asset
  artifactKey: Guid(80e4ce47b683cda4ca29cec302624a00) Importer(815301076,1909f56bfc062723c751e8b465ee728b)
Start importing Assets/2D Platformer Assets/Graphics/Level Art/Tileset/sunnyland_tiles_relaid_Padded_85.asset using Guid(80e4ce47b683cda4ca29cec302624a00) Importer(815301076,1909f56bfc062723c751e8b465ee728b) [PhysX] Initialized MultithreadedTaskDispatcher with 16 workers.
 -> (artifact id: '919c187ebd6e038e4e3764abd7f1225f') in 0.020196 seconds
Number of updated asset objects reloaded before import = 0
Number of asset objects unloaded after import = 3
========================================================================
Received Import Request.
  Time since last request: 0.003349 seconds.
  path: Assets/2D Platformer Assets/Graphics/Level Art/Tileset/sunnyland_tiles_relaid_Padded_87.asset
  artifactKey: Guid(facd6365b480e5849b1182bbebf8925c) Importer(815301076,1909f56bfc062723c751e8b465ee728b)
Start importing Assets/2D Platformer Assets/Graphics/Level Art/Tileset/sunnyland_tiles_relaid_Padded_87.asset using Guid(facd6365b480e5849b1182bbebf8925c) Importer(815301076,1909f56bfc062723c751e8b465ee728b) [PhysX] Initialized MultithreadedTaskDispatcher with 16 workers.
 -> (artifact id: 'a4347082b7dd8d87e0784abb5dfa0652') in 0.021673 seconds
Number of updated asset objects reloaded before import = 0
Number of asset objects unloaded after import = 3
========================================================================
Received Import Request.
  Time since last request: 0.007143 seconds.
  path: Assets/2D Platformer Assets/Graphics/Level Art/Tileset/sunnyland_tiles_relaid_Padded_89.asset
  artifactKey: Guid(d7e5bb98b871f3b4680242de72ddbe73) Importer(815301076,1909f56bfc062723c751e8b465ee728b)
Start importing Assets/2D Platformer Assets/Graphics/Level Art/Tileset/sunnyland_tiles_relaid_Padded_89.asset using Guid(d7e5bb98b871f3b4680242de72ddbe73) Importer(815301076,1909f56bfc062723c751e8b465ee728b) [PhysX] Initialized MultithreadedTaskDispatcher with 16 workers.
 -> (artifact id: '5e65683cd4de09f13788ff90ff127c2c') in 0.023382 seconds
Number of updated asset objects reloaded before import = 0
Number of asset objects unloaded after import = 3
========================================================================
Received Import Request.
  Time since last request: 0.000030 seconds.
  path: Assets/2D Platformer Assets/Graphics/Level Art/Tileset/sunnyland_tiles_relaid_Padded_91.asset
  artifactKey: Guid(24d994a090927764788df4285c8c3fec) Importer(815301076,1909f56bfc062723c751e8b465ee728b)
Start importing Assets/2D Platformer Assets/Graphics/Level Art/Tileset/sunnyland_tiles_relaid_Padded_91.asset using Guid(24d994a090927764788df4285c8c3fec) Importer(815301076,1909f56bfc062723c751e8b465ee728b) [PhysX] Initialized MultithreadedTaskDispatcher with 16 workers.
 -> (artifact id: '8caedc2e4f824854b7309fb299fbd159') in 0.022918 seconds
Number of updated asset objects reloaded before import = 0
Number of asset objects unloaded after import = 3
========================================================================
Received Import Request.
  Time since last request: 0.000329 seconds.
  path: Assets/2D Platformer Assets/Graphics/Level Art/Tileset/sunnyland_tiles_relaid_Padded_93.asset
  artifactKey: Guid(9504b10d098c7ab4a808509c1966c92b) Importer(815301076,1909f56bfc062723c751e8b465ee728b)
Start importing Assets/2D Platformer Assets/Graphics/Level Art/Tileset/sunnyland_tiles_relaid_Padded_93.asset using Guid(9504b10d098c7ab4a808509c1966c92b) Importer(815301076,1909f56bfc062723c751e8b465ee728b) [PhysX] Initialized MultithreadedTaskDispatcher with 16 workers.
 -> (artifact id: '4ad8d5898e1e6939db38e567d5d04fe6') in 0.022197 seconds
Number of updated asset objects reloaded before import = 0
Number of asset objects unloaded after import = 3
========================================================================
Received Import Request.
  Time since last request: 0.001680 seconds.
  path: Assets/2D Platformer Assets/Graphics/Level Art/Tileset/sunnyland_tiles_relaid_Padded_95.asset
  artifactKey: Guid(fb2e180cb9da7f441aa4de5c21f3effe) Importer(815301076,1909f56bfc062723c751e8b465ee728b)
Start importing Assets/2D Platformer Assets/Graphics/Level Art/Tileset/sunnyland_tiles_relaid_Padded_95.asset using Guid(fb2e180cb9da7f441aa4de5c21f3effe) Importer(815301076,1909f56bfc062723c751e8b465ee728b) [PhysX] Initialized MultithreadedTaskDispatcher with 16 workers.
 -> (artifact id: '30eea5568d3c4d02d4da15399a42b5e2') in 0.009541 seconds
Number of updated asset objects reloaded before import = 0
Number of asset objects unloaded after import = 3
========================================================================
Received Import Request.
  Time since last request: 0.025532 seconds.
  path: Assets/2D Platformer Assets/Graphics/Level Art/Tileset/sunnyland_tiles_relaid_Padded_98.asset
  artifactKey: Guid(e23b1be919a35d644b5a34dcc633d3cf) Importer(815301076,1909f56bfc062723c751e8b465ee728b)
Start importing Assets/2D Platformer Assets/Graphics/Level Art/Tileset/sunnyland_tiles_relaid_Padded_98.asset using Guid(e23b1be919a35d644b5a34dcc633d3cf) Importer(815301076,1909f56bfc062723c751e8b465ee728b) [PhysX] Initialized MultithreadedTaskDispatcher with 16 workers.
 -> (artifact id: 'a241dd81c296325fa6de4a9b23c51603') in 0.018425 seconds
Number of updated asset objects reloaded before import = 0
Number of asset objects unloaded after import = 3
========================================================================
Received Import Request.
  Time since last request: 0.005114 seconds.
  path: Assets/2D Platformer Assets/Graphics/Level Art/Tileset/sunnyland_tiles_relaid_Padded_100.asset
  artifactKey: Guid(76e95f3f052c6b847987be0f29c6bed2) Importer(815301076,1909f56bfc062723c751e8b465ee728b)
Start importing Assets/2D Platformer Assets/Graphics/Level Art/Tileset/sunnyland_tiles_relaid_Padded_100.asset using Guid(76e95f3f052c6b847987be0f29c6bed2) Importer(815301076,1909f56bfc062723c751e8b465ee728b) [PhysX] Initialized MultithreadedTaskDispatcher with 16 workers.
 -> (artifact id: '91cd6dd93c0e2d7c57d72c893afa38f7') in 0.023422 seconds
Number of updated asset objects reloaded before import = 0
Number of asset objects unloaded after import = 3
========================================================================
Received Import Request.
  Time since last request: 0.003300 seconds.
  path: Assets/2D Platformer Assets/Graphics/Level Art/Tileset/sunnyland_tiles_relaid_Padded_102.asset
  artifactKey: Guid(688402ffd84f0c84c86f40291075cb8d) Importer(815301076,1909f56bfc062723c751e8b465ee728b)
Start importing Assets/2D Platformer Assets/Graphics/Level Art/Tileset/sunnyland_tiles_relaid_Padded_102.asset using Guid(688402ffd84f0c84c86f40291075cb8d) Importer(815301076,1909f56bfc062723c751e8b465ee728b) [PhysX] Initialized MultithreadedTaskDispatcher with 16 workers.
 -> (artifact id: 'f98f52837a5ae1109e334e5f6ec79403') in 0.020083 seconds
Number of updated asset objects reloaded before import = 0
Number of asset objects unloaded after import = 3
========================================================================
Received Import Request.
  Time since last request: 0.003233 seconds.
  path: Assets/2D Platformer Assets/Graphics/Level Art/Tileset/sunnyland_tiles_relaid_Padded_104.asset
  artifactKey: Guid(0e33f86feb7fa954f84c7730cace99f0) Importer(815301076,1909f56bfc062723c751e8b465ee728b)
Start importing Assets/2D Platformer Assets/Graphics/Level Art/Tileset/sunnyland_tiles_relaid_Padded_104.asset using Guid(0e33f86feb7fa954f84c7730cace99f0) Importer(815301076,1909f56bfc062723c751e8b465ee728b) [PhysX] Initialized MultithreadedTaskDispatcher with 16 workers.
 -> (artifact id: '9906a9339c183f95f9fc451ac176e27b') in 0.025227 seconds
Number of updated asset objects reloaded before import = 0
Number of asset objects unloaded after import = 3
Editor requested this worker to shutdown with reason: Scaling down because of idle timeout
TcpMessagingSession - receive error: operation aborted. errorcode: 995, details: La operacin de E/S se anul por una salida de subproceso o por una solicitud de aplicacin.
AssetImportWorker is now disconnected from the server
Process exiting
Exiting without the bug reporter. Application will terminate with return code 0