Using pre-set license
Built from '2022.3/staging' branch; Version is '2022.3.46f1 (8e9b8558c41a) revision 9345925'; Using compiler version '192829333'; Build Type 'Release'
OS: 'Windows 11  (10.0.22631) 64bit CoreSingleLanguage' Language: 'es' Physical Memory: 7549 MB
BatchMode: 1, IsHumanControllingUs: 0, StartBugReporterOnCrash: 0, Is64bit: 1, IsPro: 1

COMMAND LINE ARGUMENTS:
C:\Program Files\Unity\Hub\Editor\2022.3.46f1\Editor\Unity.exe
-adb2
-batchMode
-noUpm
-name
AssetImportWorker0
-projectPath
C:/Users/angel/Desktop/VideoGame/videoGameSushiCat
-logFile
Logs/AssetImportWorker0.log
-srvPort
61369
Successfully changed project path to: C:/Users/angel/Desktop/VideoGame/videoGameSushiCat
C:/Users/angel/Desktop/VideoGame/videoGameSushiCat
[UnityMemory] Configuration Parameters - Can be set up in boot.config
    "memorysetup-bucket-allocator-granularity=16"
    "memorysetup-bucket-allocator-bucket-count=8"
    "memorysetup-bucket-allocator-block-size=33554432"
    "memorysetup-bucket-allocator-block-count=8"
    "memorysetup-main-allocator-block-size=16777216"
    "memorysetup-thread-allocator-block-size=16777216"
    "memorysetup-gfx-main-allocator-block-size=16777216"
    "memorysetup-gfx-thread-allocator-block-size=16777216"
    "memorysetup-cache-allocator-block-size=4194304"
    "memorysetup-typetree-allocator-block-size=2097152"
    "memorysetup-profiler-bucket-allocator-granularity=16"
    "memorysetup-profiler-bucket-allocator-bucket-count=8"
    "memorysetup-profiler-bucket-allocator-block-size=33554432"
    "memorysetup-profiler-bucket-allocator-block-count=8"
    "memorysetup-profiler-allocator-block-size=16777216"
    "memorysetup-profiler-editor-allocator-block-size=1048576"
    "memorysetup-temp-allocator-size-main=16777216"
    "memorysetup-job-temp-allocator-block-size=2097152"
    "memorysetup-job-temp-allocator-block-size-background=1048576"
    "memorysetup-job-temp-allocator-reduction-small-platforms=262144"
    "memorysetup-allocator-temp-initial-block-size-main=262144"
    "memorysetup-allocator-temp-initial-block-size-worker=262144"
    "memorysetup-temp-allocator-size-background-worker=32768"
    "memorysetup-temp-allocator-size-job-worker=262144"
    "memorysetup-temp-allocator-size-preload-manager=33554432"
    "memorysetup-temp-allocator-size-nav-mesh-worker=65536"
    "memorysetup-temp-allocator-size-audio-worker=65536"
    "memorysetup-temp-allocator-size-cloud-worker=32768"
    "memorysetup-temp-allocator-size-gi-baking-worker=262144"
    "memorysetup-temp-allocator-size-gfx=262144"
Player connection [17956]  Target information:

Player connection [17956]  * "[IP] 192.168.1.85 [Port] 0 [Flags] 2 [Guid] 1926911793 [EditorId] 1926911793 [Version] 1048832 [Id] WindowsEditor(7,LAPTOP-AV0427C) [Debug] 1 [PackageName] WindowsEditor [ProjectName] Editor" 

Player connection [17956] Host joined multi-casting on [225.0.0.222:54997]...
Player connection [17956] Host joined alternative multi-casting on [225.0.0.222:34997]...
[PhysX] Initialized MultithreadedTaskDispatcher with 16 workers.
Refreshing native plugins compatible for Editor in 105.27 ms, found 3 plugins.
Preloading 0 native plugins for Editor in 0.00 ms.
Initialize engine version: 2022.3.46f1 (8e9b8558c41a)
[Subsystems] Discovering subsystems at path C:/Program Files/Unity/Hub/Editor/2022.3.46f1/Editor/Data/Resources/UnitySubsystems
[Subsystems] Discovering subsystems at path C:/Users/angel/Desktop/VideoGame/videoGameSushiCat/Assets
GfxDevice: creating device client; threaded=0; jobified=0
Direct3D:
    Version:  Direct3D 11.0 [level 11.1]
    Renderer: AMD Radeon(TM) Graphics (ID=0x1636)
    Vendor:   ATI
    VRAM:     3774 MB
    Driver:   31.0.21912.14
Initialize mono
Mono path[0] = 'C:/Program Files/Unity/Hub/Editor/2022.3.46f1/Editor/Data/Managed'
Mono path[1] = 'C:/Program Files/Unity/Hub/Editor/2022.3.46f1/Editor/Data/MonoBleedingEdge/lib/mono/unityjit-win32'
Mono config path = 'C:/Program Files/Unity/Hub/Editor/2022.3.46f1/Editor/Data/MonoBleedingEdge/etc'
Using monoOptions --debugger-agent=transport=dt_socket,embedding=1,server=y,suspend=n,address=127.0.0.1:56988
Begin MonoManager ReloadAssembly
Registering precompiled unity dll's ...
Register platform support module: C:/Program Files/Unity/Hub/Editor/2022.3.46f1/Editor/Data/PlaybackEngines/WebGLSupport/UnityEditor.WebGL.Extensions.dll
Register platform support module: C:/Program Files/Unity/Hub/Editor/2022.3.46f1/Editor/Data/PlaybackEngines/AndroidPlayer/UnityEditor.Android.Extensions.dll
Register platform support module: C:/Program Files/Unity/Hub/Editor/2022.3.46f1/Editor/Data/PlaybackEngines/WindowsStandaloneSupport/UnityEditor.WindowsStandalone.Extensions.dll
Register platform support module: C:/Program Files/Unity/Hub/Editor/2022.3.46f1/Editor/Data/PlaybackEngines/MetroSupport/UnityEditor.UWP.Extensions.dll
Registered in 0.022728 seconds.
- Loaded All Assemblies, in  0.835 seconds
Native extension for UWP target not found
Native extension for WindowsStandalone target not found
Native extension for Android target not found
Android Extension - Scanning For ADB Devices 548 ms
Native extension for WebGL target not found
Mono: successfully reloaded assembly
- Finished resetting the current domain, in  1.179 seconds
Domain Reload Profiling: 2010ms
	BeginReloadAssembly (287ms)
		ExecutionOrderSort (0ms)
		DisableScriptedObjects (0ms)
		BackupInstance (0ms)
		ReleaseScriptingObjects (0ms)
		CreateAndSetChildDomain (2ms)
	RebuildCommonClasses (62ms)
	RebuildNativeTypeToScriptingClass (23ms)
	initialDomainReloadingComplete (133ms)
	LoadAllAssembliesAndSetupDomain (326ms)
		LoadAssemblies (285ms)
		RebuildTransferFunctionScriptingTraits (0ms)
		AnalyzeDomain (319ms)
			TypeCache.Refresh (317ms)
				TypeCache.ScanAssembly (296ms)
			ScanForSourceGeneratedMonoScriptInfo (1ms)
			ResolveRequiredComponents (1ms)
	FinalizeReload (1180ms)
		ReleaseScriptCaches (0ms)
		RebuildScriptCaches (0ms)
		SetupLoadedEditorAssemblies (1086ms)
			LogAssemblyErrors (0ms)
			InitializePlatformSupportModulesInManaged (745ms)
			SetLoadedEditorAssemblies (9ms)
			RefreshPlugins (0ms)
			BeforeProcessingInitializeOnLoad (6ms)
			ProcessInitializeOnLoadAttributes (237ms)
			ProcessInitializeOnLoadMethodAttributes (90ms)
			AfterProcessingInitializeOnLoad (0ms)
			EditorAssembliesLoaded (0ms)
		ExecutionOrderSort2 (0ms)
		AwakeInstancesAfterBackupRestoration (0ms)
========================================================================
Worker process is ready to serve import requests
Caller must complete domain reload
Begin MonoManager ReloadAssembly
Symbol file LoadedFromMemory is not a mono symbol file
- Loaded All Assemblies, in  1.779 seconds
Native extension for UWP target not found
Native extension for WindowsStandalone target not found
Native extension for Android target not found
Native extension for WebGL target not found
Package Manager log level set to [2]
[Package Manager] Server::EnsureServerProcessIsRunning -- launch failed, reason: Unity was launched with the -noUpm command-line argument
[Package Manager] UpmClient::Send -- Unable to send message (not connected to UPM process).
[Package Manager] Cannot connect to Unity Package Manager local server
Mono: successfully reloaded assembly
- Finished resetting the current domain, in  1.246 seconds
Domain Reload Profiling: 3022ms
	BeginReloadAssembly (352ms)
		ExecutionOrderSort (0ms)
		DisableScriptedObjects (14ms)
		BackupInstance (0ms)
		ReleaseScriptingObjects (0ms)
		CreateAndSetChildDomain (42ms)
	RebuildCommonClasses (78ms)
	RebuildNativeTypeToScriptingClass (25ms)
	initialDomainReloadingComplete (85ms)
	LoadAllAssembliesAndSetupDomain (1235ms)
		LoadAssemblies (977ms)
		RebuildTransferFunctionScriptingTraits (0ms)
		AnalyzeDomain (464ms)
			TypeCache.Refresh (384ms)
				TypeCache.ScanAssembly (343ms)
			ScanForSourceGeneratedMonoScriptInfo (52ms)
			ResolveRequiredComponents (25ms)
	FinalizeReload (1247ms)
		ReleaseScriptCaches (0ms)
		RebuildScriptCaches (0ms)
		SetupLoadedEditorAssemblies (980ms)
			LogAssemblyErrors (0ms)
			InitializePlatformSupportModulesInManaged (37ms)
			SetLoadedEditorAssemblies (7ms)
			RefreshPlugins (0ms)
			BeforeProcessingInitializeOnLoad (113ms)
			ProcessInitializeOnLoadAttributes (541ms)
			ProcessInitializeOnLoadMethodAttributes (276ms)
			AfterProcessingInitializeOnLoad (6ms)
			EditorAssembliesLoaded (0ms)
		ExecutionOrderSort2 (0ms)
		AwakeInstancesAfterBackupRestoration (10ms)
Launched and connected shader compiler UnityShaderCompiler.exe after 0.08 seconds
Refreshing native plugins compatible for Editor in 33.28 ms, found 3 plugins.
Preloading 0 native plugins for Editor in 0.00 ms.
Unloading 4217 Unused Serialized files (Serialized files now loaded: 0)
Unloading 27 unused Assets / (56.0 KB). Loaded Objects now: 4689.
Memory consumption went from 147.5 MB to 147.4 MB.
Total: 13.610200 ms (FindLiveObjects: 1.061100 ms CreateObjectMapping: 0.505700 ms MarkObjects: 11.815000 ms  DeleteObjects: 0.225700 ms)

AssetImportParameters requested are different than current active one (requested -> active):
  custom:container-demuxer-ogg: 62fdf1f143b41e24485cea50d1cbac27 -> 
  custom:video-codec-MediaFoundation-h265: 746d11721c4dcdbdad8f713fa42b33f4 -> 
  custom:video-decoder-ogg-theora: a1e56fd34408186e4bbccfd4996cb3dc -> 
  custom:framework-win-MediaFoundation: 216162199b28c13a410421893ffa2e32 -> 
  custom:CustomObjectIndexerAttribute: 9a22284fe3817be447336de3de66b15e -> 
  custom:container-demuxer-webm: 4f35f7cbe854078d1ac9338744f61a02 -> 
  custom:container-muxer-webm: aa71ff27fc2769a1b78a27578f13a17b -> 
  custom:video-decoder-webm-vp8: 9c59270c3fd7afecdb556c50c9e8de78 -> 
  custom:SearchIndexIgnoredProperties: e643bd26f0fe6173181afceb89e7c659 -> 
  custom:AudioImporter_EditorPlatform: d09bf68614088b80899f8185d706f6e7 -> 
  custom:video-encoder-webm-vp8: eb34c28f22e8b96e1ab97ce403110664 -> 
  custom:audio-decoder-ogg-vorbis: bf7c407c2cedff20999df2af8eb42d56 -> 
  custom:audio-encoder-webm-vorbis: bf7c407c2cedff20999df2af8eb42d56 -> 
========================================================================
Received Import Request.
  Time since last request: 112435.678265 seconds.
  path: Assets/Scenes/levelTwo.unity
  artifactKey: Guid(469c79b9427b07d47b142d6de1e3d5af) Importer(815301076,1909f56bfc062723c751e8b465ee728b)
Start importing Assets/Scenes/levelTwo.unity using Guid(469c79b9427b07d47b142d6de1e3d5af) Importer(815301076,1909f56bfc062723c751e8b465ee728b) [PhysX] Initialized MultithreadedTaskDispatcher with 16 workers.
 -> (artifact id: '80d6ff9037e6fef4bc78679e8700c2ae') in 0.007497 seconds
Number of updated asset objects reloaded before import = 0
Number of asset objects unloaded after import = 0
========================================================================
Received Prepare
Caller must complete domain reload
Begin MonoManager ReloadAssembly
Symbol file LoadedFromMemory is not a mono symbol file
- Loaded All Assemblies, in  1.112 seconds
Native extension for UWP target not found
Native extension for WindowsStandalone target not found
Native extension for Android target not found
Native extension for WebGL target not found
[Package Manager] Server::EnsureServerProcessIsRunning -- launch failed, reason: Unity was launched with the -noUpm command-line argument
[Package Manager] UpmClient::Send -- Unable to send message (not connected to UPM process).
[Package Manager] Cannot connect to Unity Package Manager local server
Mono: successfully reloaded assembly
- Finished resetting the current domain, in  3.648 seconds
Domain Reload Profiling: 4756ms
	BeginReloadAssembly (316ms)
		ExecutionOrderSort (0ms)
		DisableScriptedObjects (12ms)
		BackupInstance (0ms)
		ReleaseScriptingObjects (0ms)
		CreateAndSetChildDomain (70ms)
	RebuildCommonClasses (65ms)
	RebuildNativeTypeToScriptingClass (21ms)
	initialDomainReloadingComplete (103ms)
	LoadAllAssembliesAndSetupDomain (603ms)
		LoadAssemblies (762ms)
		RebuildTransferFunctionScriptingTraits (0ms)
		AnalyzeDomain (26ms)
			TypeCache.Refresh (10ms)
				TypeCache.ScanAssembly (0ms)
			ScanForSourceGeneratedMonoScriptInfo (0ms)
			ResolveRequiredComponents (12ms)
	FinalizeReload (3649ms)
		ReleaseScriptCaches (0ms)
		RebuildScriptCaches (0ms)
		SetupLoadedEditorAssemblies (1086ms)
			LogAssemblyErrors (0ms)
			InitializePlatformSupportModulesInManaged (29ms)
			SetLoadedEditorAssemblies (8ms)
			RefreshPlugins (0ms)
			BeforeProcessingInitializeOnLoad (137ms)
			ProcessInitializeOnLoadAttributes (592ms)
			ProcessInitializeOnLoadMethodAttributes (311ms)
			AfterProcessingInitializeOnLoad (8ms)
			EditorAssembliesLoaded (1ms)
		ExecutionOrderSort2 (0ms)
		AwakeInstancesAfterBackupRestoration (9ms)
Refreshing native plugins compatible for Editor in 16.73 ms, found 3 plugins.
Preloading 0 native plugins for Editor in 0.00 ms.
Unloading 4196 Unused Serialized files (Serialized files now loaded: 0)
Unloading 18 unused Assets / (29.5 KB). Loaded Objects now: 4692.
Memory consumption went from 143.0 MB to 142.9 MB.
Total: 10.792500 ms (FindLiveObjects: 0.387300 ms CreateObjectMapping: 0.193600 ms MarkObjects: 10.096700 ms  DeleteObjects: 0.113100 ms)

Prepare: number of updated asset objects reloaded= 0
AssetImportParameters requested are different than current active one (requested -> active):
  custom:container-demuxer-ogg: 62fdf1f143b41e24485cea50d1cbac27 -> 
  custom:video-codec-MediaFoundation-h265: 746d11721c4dcdbdad8f713fa42b33f4 -> 
  custom:video-decoder-ogg-theora: a1e56fd34408186e4bbccfd4996cb3dc -> 
  custom:framework-win-MediaFoundation: 216162199b28c13a410421893ffa2e32 -> 
  custom:CustomObjectIndexerAttribute: 9a22284fe3817be447336de3de66b15e -> 
  custom:container-demuxer-webm: 4f35f7cbe854078d1ac9338744f61a02 -> 
  custom:container-muxer-webm: aa71ff27fc2769a1b78a27578f13a17b -> 
  custom:video-decoder-webm-vp8: 9c59270c3fd7afecdb556c50c9e8de78 -> 
  custom:SearchIndexIgnoredProperties: e643bd26f0fe6173181afceb89e7c659 -> 
  custom:AudioImporter_EditorPlatform: d09bf68614088b80899f8185d706f6e7 -> 
  custom:video-encoder-webm-vp8: eb34c28f22e8b96e1ab97ce403110664 -> 
  custom:audio-decoder-ogg-vorbis: bf7c407c2cedff20999df2af8eb42d56 -> 
  custom:audio-encoder-webm-vorbis: bf7c407c2cedff20999df2af8eb42d56 -> 
========================================================================
Received Import Request.
  Time since last request: 135.959782 seconds.
  path: Assets/2D Platformer Assets/Graphics/Level Art/Background/back.png
  artifactKey: Guid(85a1ddf8aed626246ac1a542aca6b30f) Importer(815301076,1909f56bfc062723c751e8b465ee728b)
Start importing Assets/2D Platformer Assets/Graphics/Level Art/Background/back.png using Guid(85a1ddf8aed626246ac1a542aca6b30f) Importer(815301076,1909f56bfc062723c751e8b465ee728b) [PhysX] Initialized MultithreadedTaskDispatcher with 16 workers.
[PhysX] Initialized MultithreadedTaskDispatcher with 16 workers.
 -> (artifact id: '0c4e0069f95a9e64e37216e86a1fcadd') in 0.270410 seconds
Number of updated asset objects reloaded before import = 0
Number of asset objects unloaded after import = 3
========================================================================
Received Import Request.
  Time since last request: 3.116637 seconds.
  path: Assets/2D Platformer Assets/Graphics/Level Art/Props/big-crate.png
  artifactKey: Guid(3a6b0c911eb23124c94db8a4125738e7) Importer(815301076,1909f56bfc062723c751e8b465ee728b)
Start importing Assets/2D Platformer Assets/Graphics/Level Art/Props/big-crate.png using Guid(3a6b0c911eb23124c94db8a4125738e7) Importer(815301076,1909f56bfc062723c751e8b465ee728b) [PhysX] Initialized MultithreadedTaskDispatcher with 16 workers.
[PhysX] Initialized MultithreadedTaskDispatcher with 16 workers.
 -> (artifact id: '6a95a5396ba345ec8c5e18e5e8f48bec') in 0.046330 seconds
Number of updated asset objects reloaded before import = 0
Number of asset objects unloaded after import = 3
========================================================================
Received Import Request.
  Time since last request: 0.413085 seconds.
  path: Assets/2D Platformer Assets/Graphics/Level Art/Props/block-big.png
  artifactKey: Guid(fef7327efb956654cbeb10a86c78f153) Importer(815301076,1909f56bfc062723c751e8b465ee728b)
Start importing Assets/2D Platformer Assets/Graphics/Level Art/Props/block-big.png using Guid(fef7327efb956654cbeb10a86c78f153) Importer(815301076,1909f56bfc062723c751e8b465ee728b) [PhysX] Initialized MultithreadedTaskDispatcher with 16 workers.
[PhysX] Initialized MultithreadedTaskDispatcher with 16 workers.
 -> (artifact id: 'ab2d7a1e076edb01d25f3361b2db6994') in 0.039903 seconds
Number of updated asset objects reloaded before import = 0
Number of asset objects unloaded after import = 3
========================================================================
Received Import Request.
  Time since last request: 0.000053 seconds.
  path: Assets/2D Platformer Assets/Graphics/Level Art/Props/bush.png
  artifactKey: Guid(a4ff1ef9b914c924db2aba5c6e50276a) Importer(815301076,1909f56bfc062723c751e8b465ee728b)
Start importing Assets/2D Platformer Assets/Graphics/Level Art/Props/bush.png using Guid(a4ff1ef9b914c924db2aba5c6e50276a) Importer(815301076,1909f56bfc062723c751e8b465ee728b) [PhysX] Initialized MultithreadedTaskDispatcher with 16 workers.
[PhysX] Initialized MultithreadedTaskDispatcher with 16 workers.
 -> (artifact id: 'e7f50159aa5522997d1d9af9c46aa361') in 0.040309 seconds
Number of updated asset objects reloaded before import = 0
Number of asset objects unloaded after import = 3
========================================================================
Received Import Request.
  Time since last request: 0.407257 seconds.
  path: Assets/2D Platformer Assets/Graphics/Level Mechanics/Checkpoint Off.png
  artifactKey: Guid(599bb51c6d72aae4f9ab0e0dc81c3996) Importer(815301076,1909f56bfc062723c751e8b465ee728b)
Start importing Assets/2D Platformer Assets/Graphics/Level Mechanics/Checkpoint Off.png using Guid(599bb51c6d72aae4f9ab0e0dc81c3996) Importer(815301076,1909f56bfc062723c751e8b465ee728b) [PhysX] Initialized MultithreadedTaskDispatcher with 16 workers.
[PhysX] Initialized MultithreadedTaskDispatcher with 16 workers.
 -> (artifact id: 'a6dff8f125bfb8dd68eaa96f5c0ca9c2') in 0.048366 seconds
Number of updated asset objects reloaded before import = 0
Number of asset objects unloaded after import = 3
========================================================================
Received Import Request.
  Time since last request: 0.292782 seconds.
  path: Assets/2D Platformer Assets/Graphics/Collectibles/cherry.png
  artifactKey: Guid(646c9b56df3e3c0449e1e69cb8d36fc1) Importer(815301076,1909f56bfc062723c751e8b465ee728b)
Start importing Assets/2D Platformer Assets/Graphics/Collectibles/cherry.png using Guid(646c9b56df3e3c0449e1e69cb8d36fc1) Importer(815301076,1909f56bfc062723c751e8b465ee728b) [PhysX] Initialized MultithreadedTaskDispatcher with 16 workers.
[PhysX] Initialized MultithreadedTaskDispatcher with 16 workers.
 -> (artifact id: '1dec0f596e960f679a55b0e37b4f2da9') in 0.081731 seconds
Number of updated asset objects reloaded before import = 0
Number of asset objects unloaded after import = 7
========================================================================
Received Import Request.
  Time since last request: 0.070995 seconds.
  path: Assets/2D Platformer Assets/Graphics/Collectibles/Collect_Effect.png
  artifactKey: Guid(7395d232a87288a49a0f59848ed97c9c) Importer(815301076,1909f56bfc062723c751e8b465ee728b)
Start importing Assets/2D Platformer Assets/Graphics/Collectibles/Collect_Effect.png using Guid(7395d232a87288a49a0f59848ed97c9c) Importer(815301076,1909f56bfc062723c751e8b465ee728b) [PhysX] Initialized MultithreadedTaskDispatcher with 16 workers.
[PhysX] Initialized MultithreadedTaskDispatcher with 16 workers.
 -> (artifact id: '03438e2dad72c6843bc11e88bcb578d8') in 0.065208 seconds
Number of updated asset objects reloaded before import = 0
Number of asset objects unloaded after import = 6
========================================================================
Received Import Request.
  Time since last request: 0.409593 seconds.
  path: Assets/2D Pixel Art Platformer Biome - American Forest/Colorful Pixel Art Youtube Gaming Intro Video.jpg
  artifactKey: Guid(8324dc6324060284a917816d49366699) Importer(815301076,1909f56bfc062723c751e8b465ee728b)
Start importing Assets/2D Pixel Art Platformer Biome - American Forest/Colorful Pixel Art Youtube Gaming Intro Video.jpg using Guid(8324dc6324060284a917816d49366699) Importer(815301076,1909f56bfc062723c751e8b465ee728b) [PhysX] Initialized MultithreadedTaskDispatcher with 16 workers.
[PhysX] Initialized MultithreadedTaskDispatcher with 16 workers.
 -> (artifact id: 'bc85347eb73b9bc89f131af73058e381') in 0.055642 seconds
Number of updated asset objects reloaded before import = 0
Number of asset objects unloaded after import = 3
========================================================================
Received Import Request.
  Time since last request: 0.314836 seconds.
  path: Assets/2D Platformer Assets/Graphics/Level Mechanics/crank-down.png
  artifactKey: Guid(d80b01b560c64bb449eaa5cf91ea02a9) Importer(815301076,1909f56bfc062723c751e8b465ee728b)
Start importing Assets/2D Platformer Assets/Graphics/Level Mechanics/crank-down.png using Guid(d80b01b560c64bb449eaa5cf91ea02a9) Importer(815301076,1909f56bfc062723c751e8b465ee728b) [PhysX] Initialized MultithreadedTaskDispatcher with 16 workers.
[PhysX] Initialized MultithreadedTaskDispatcher with 16 workers.
 -> (artifact id: 'd56b37af689bf76bd0f091f71e43d65a') in 0.052065 seconds
Number of updated asset objects reloaded before import = 0
Number of asset objects unloaded after import = 3
========================================================================
Received Import Request.
  Time since last request: 0.005369 seconds.
  path: Assets/2D Platformer Assets/Graphics/Level Art/Props/crate.png
  artifactKey: Guid(5c45fe5c49eee8a4696540a2a79fb85c) Importer(815301076,1909f56bfc062723c751e8b465ee728b)
Start importing Assets/2D Platformer Assets/Graphics/Level Art/Props/crate.png using Guid(5c45fe5c49eee8a4696540a2a79fb85c) Importer(815301076,1909f56bfc062723c751e8b465ee728b) [PhysX] Initialized MultithreadedTaskDispatcher with 16 workers.
[PhysX] Initialized MultithreadedTaskDispatcher with 16 workers.
 -> (artifact id: 'd93addcf93d9e1dc694feb6afce79fb5') in 0.039594 seconds
Number of updated asset objects reloaded before import = 0
Number of asset objects unloaded after import = 3
========================================================================
Received Import Request.
  Time since last request: 0.026784 seconds.
  path: Assets/2D Platformer Assets/Graphics/Level Mechanics/door.png
  artifactKey: Guid(002449c087a8ec84fbdcad8dc8188490) Importer(815301076,1909f56bfc062723c751e8b465ee728b)
Start importing Assets/2D Platformer Assets/Graphics/Level Mechanics/door.png using Guid(002449c087a8ec84fbdcad8dc8188490) Importer(815301076,1909f56bfc062723c751e8b465ee728b) [PhysX] Initialized MultithreadedTaskDispatcher with 16 workers.
[PhysX] Initialized MultithreadedTaskDispatcher with 16 workers.
 -> (artifact id: '7e8bbdd5eb96851ae4cdfb218d0d8e55') in 0.039417 seconds
Number of updated asset objects reloaded before import = 0
Number of asset objects unloaded after import = 3
========================================================================
Received Import Request.
  Time since last request: 0.340097 seconds.
  path: Assets/2D Platformer Assets/Graphics/Enemies/enemy-deadth.png
  artifactKey: Guid(1ec5cd5f2a02e694caf5c6db3dd7f329) Importer(815301076,1909f56bfc062723c751e8b465ee728b)
Start importing Assets/2D Platformer Assets/Graphics/Enemies/enemy-deadth.png using Guid(1ec5cd5f2a02e694caf5c6db3dd7f329) Importer(815301076,1909f56bfc062723c751e8b465ee728b) [PhysX] Initialized MultithreadedTaskDispatcher with 16 workers.
[PhysX] Initialized MultithreadedTaskDispatcher with 16 workers.
 -> (artifact id: '54e16bca201abe6c6e57f05ddac154aa') in 0.064877 seconds
Number of updated asset objects reloaded before import = 0
Number of asset objects unloaded after import = 8
========================================================================
Received Import Request.
  Time since last request: 0.363179 seconds.
  path: Assets/2D Platformer Assets/Graphics/Level Art/Props/face-block.png
  artifactKey: Guid(57c022df4f656aa42a874306f53e8a0e) Importer(815301076,1909f56bfc062723c751e8b465ee728b)
Start importing Assets/2D Platformer Assets/Graphics/Level Art/Props/face-block.png using Guid(57c022df4f656aa42a874306f53e8a0e) Importer(815301076,1909f56bfc062723c751e8b465ee728b) [PhysX] Initialized MultithreadedTaskDispatcher with 16 workers.
[PhysX] Initialized MultithreadedTaskDispatcher with 16 workers.
 -> (artifact id: 'c79c3450f87d2cfad436c8a605c3feb8') in 0.038733 seconds
Number of updated asset objects reloaded before import = 0
Number of asset objects unloaded after import = 3
========================================================================
Received Import Request.
  Time since last request: 0.379805 seconds.
  path: Assets/2D Platformer Assets/Graphics/Level Mechanics/Flagpole.png
  artifactKey: Guid(b83a6ee14cd22ea4c84d2aa961c18a2c) Importer(815301076,1909f56bfc062723c751e8b465ee728b)
Start importing Assets/2D Platformer Assets/Graphics/Level Mechanics/Flagpole.png using Guid(b83a6ee14cd22ea4c84d2aa961c18a2c) Importer(815301076,1909f56bfc062723c751e8b465ee728b) [PhysX] Initialized MultithreadedTaskDispatcher with 16 workers.
[PhysX] Initialized MultithreadedTaskDispatcher with 16 workers.
 -> (artifact id: '3673852fc9c47a338fa367f1665b073a') in 0.045446 seconds
Number of updated asset objects reloaded before import = 0
Number of asset objects unloaded after import = 4
========================================================================
Received Import Request.
  Time since last request: 0.004876 seconds.
  path: Assets/2D Platformer Assets/Graphics/Enemies/frog-idle.png
  artifactKey: Guid(cdb41fcfe2e6cda4ea4fbc86225c9168) Importer(815301076,1909f56bfc062723c751e8b465ee728b)
Start importing Assets/2D Platformer Assets/Graphics/Enemies/frog-idle.png using Guid(cdb41fcfe2e6cda4ea4fbc86225c9168) Importer(815301076,1909f56bfc062723c751e8b465ee728b) [PhysX] Initialized MultithreadedTaskDispatcher with 16 workers.
[PhysX] Initialized MultithreadedTaskDispatcher with 16 workers.
 -> (artifact id: '7242e7797eec14b86b12a354738f0fd4') in 0.056837 seconds
Number of updated asset objects reloaded before import = 0
Number of asset objects unloaded after import = 6
========================================================================
Received Import Request.
  Time since last request: 0.328061 seconds.
  path: Assets/2D Platformer Assets/Graphics/Enemies/frog-jump.png
  artifactKey: Guid(cdef769344a4d2843b431173c3b1b00f) Importer(815301076,1909f56bfc062723c751e8b465ee728b)
Start importing Assets/2D Platformer Assets/Graphics/Enemies/frog-jump.png using Guid(cdef769344a4d2843b431173c3b1b00f) Importer(815301076,1909f56bfc062723c751e8b465ee728b) [PhysX] Initialized MultithreadedTaskDispatcher with 16 workers.
[PhysX] Initialized MultithreadedTaskDispatcher with 16 workers.
 -> (artifact id: '1a9ab09bd1d0ccd38738128e3523cb06') in 0.058161 seconds
Number of updated asset objects reloaded before import = 0
Number of asset objects unloaded after import = 5
========================================================================
Received Import Request.
  Time since last request: 0.469709 seconds.
  path: Assets/2D Platformer Assets/Graphics/Level Art/Props/house.png
  artifactKey: Guid(e55d57b28f1d95649870330ceb08ea92) Importer(815301076,1909f56bfc062723c751e8b465ee728b)
Start importing Assets/2D Platformer Assets/Graphics/Level Art/Props/house.png using Guid(e55d57b28f1d95649870330ceb08ea92) Importer(815301076,1909f56bfc062723c751e8b465ee728b) [PhysX] Initialized MultithreadedTaskDispatcher with 16 workers.
[PhysX] Initialized MultithreadedTaskDispatcher with 16 workers.
 -> (artifact id: 'e61111ab3c4c7119be7a4a3c956e2d06') in 0.040165 seconds
Number of updated asset objects reloaded before import = 0
Number of asset objects unloaded after import = 3
========================================================================
Received Import Request.
  Time since last request: 1.177419 seconds.
  path: Assets/2D Pixel Art Platformer Biome - American Forest/MenuInicial.gif
  artifactKey: Guid(d3467a94cde41334a926ebc41ed6ba27) Importer(815301076,1909f56bfc062723c751e8b465ee728b)
Start importing Assets/2D Pixel Art Platformer Biome - American Forest/MenuInicial.gif using Guid(d3467a94cde41334a926ebc41ed6ba27) Importer(815301076,1909f56bfc062723c751e8b465ee728b) [PhysX] Initialized MultithreadedTaskDispatcher with 16 workers.
[PhysX] Initialized MultithreadedTaskDispatcher with 16 workers.
 -> (artifact id: '2db6b5f6335d88a38da42226bcbfee5c') in 0.056293 seconds
Number of updated asset objects reloaded before import = 0
Number of asset objects unloaded after import = 3
========================================================================
Received Import Request.
  Time since last request: 0.000098 seconds.
  path: Assets/2D Platformer Assets/Graphics/Enemies/oposum.png
  artifactKey: Guid(845f3db9a86f590438cb3ac7f51f6137) Importer(815301076,1909f56bfc062723c751e8b465ee728b)
Start importing Assets/2D Platformer Assets/Graphics/Enemies/oposum.png using Guid(845f3db9a86f590438cb3ac7f51f6137) Importer(815301076,1909f56bfc062723c751e8b465ee728b) [PhysX] Initialized MultithreadedTaskDispatcher with 16 workers.
[PhysX] Initialized MultithreadedTaskDispatcher with 16 workers.
 -> (artifact id: 'e17c9a048be4147d1fd4b5df1d4e87da') in 0.071079 seconds
Number of updated asset objects reloaded before import = 0
Number of asset objects unloaded after import = 8
========================================================================
Received Import Request.
  Time since last request: 12.522961 seconds.
  path: Assets/Scenes/Starter_Scene.unity
  artifactKey: Guid(291fdd6633034b7428beea5664d960cb) Importer(815301076,1909f56bfc062723c751e8b465ee728b)
Start importing Assets/Scenes/Starter_Scene.unity using Guid(291fdd6633034b7428beea5664d960cb) Importer(815301076,1909f56bfc062723c751e8b465ee728b) [PhysX] Initialized MultithreadedTaskDispatcher with 16 workers.
 -> (artifact id: '558354e6fa97b5d0be69519625b182c9') in 0.001051 seconds
Number of updated asset objects reloaded before import = 0
Number of asset objects unloaded after import = 0
========================================================================
Received Import Request.
  Time since last request: 7.345860 seconds.
  path: Assets/Scenes/levelTwo.unity
  artifactKey: Guid(469c79b9427b07d47b142d6de1e3d5af) Importer(815301076,1909f56bfc062723c751e8b465ee728b)
Start importing Assets/Scenes/levelTwo.unity using Guid(469c79b9427b07d47b142d6de1e3d5af) Importer(815301076,1909f56bfc062723c751e8b465ee728b) [PhysX] Initialized MultithreadedTaskDispatcher with 16 workers.
 -> (artifact id: 'bf21aa31d0e6dd27220f2a14fa2470c0') in 0.000710 seconds
Number of updated asset objects reloaded before import = 0
Number of asset objects unloaded after import = 0
========================================================================
Received Import Request.
  Time since last request: 63.707515 seconds.
  path: Assets/Scenes/levelTwo.unity
  artifactKey: Guid(469c79b9427b07d47b142d6de1e3d5af) Importer(815301076,1909f56bfc062723c751e8b465ee728b)
Start importing Assets/Scenes/levelTwo.unity using Guid(469c79b9427b07d47b142d6de1e3d5af) Importer(815301076,1909f56bfc062723c751e8b465ee728b) [PhysX] Initialized MultithreadedTaskDispatcher with 16 workers.
 -> (artifact id: 'abbf14d004d61bd551556218f87855b2') in 0.001233 seconds
Number of updated asset objects reloaded before import = 0
Number of asset objects unloaded after import = 0
========================================================================
Received Import Request.
  Time since last request: 106.552368 seconds.
  path: Assets/Animaciones/Player.controller
  artifactKey: Guid(c3f8bcd197c88b44a9b035901cf0db5e) Importer(815301076,1909f56bfc062723c751e8b465ee728b)
Start importing Assets/Animaciones/Player.controller using Guid(c3f8bcd197c88b44a9b035901cf0db5e) Importer(815301076,1909f56bfc062723c751e8b465ee728b) [PhysX] Initialized MultithreadedTaskDispatcher with 16 workers.
 -> (artifact id: '37ece9e84aa6a08a616991c54e6d463e') in 0.193542 seconds
Number of updated asset objects reloaded before import = 0
Number of asset objects unloaded after import = 30
========================================================================
Received Import Request.
  Time since last request: 497.310527 seconds.
  path: Assets/2D Platformer Assets/Graphics/Level Art/Props/rock.png
  artifactKey: Guid(22915f5332429ba40b073cac38461e2c) Importer(815301076,1909f56bfc062723c751e8b465ee728b)
Start importing Assets/2D Platformer Assets/Graphics/Level Art/Props/rock.png using Guid(22915f5332429ba40b073cac38461e2c) Importer(815301076,1909f56bfc062723c751e8b465ee728b) [PhysX] Initialized MultithreadedTaskDispatcher with 16 workers.
[PhysX] Initialized MultithreadedTaskDispatcher with 16 workers.
 -> (artifact id: 'd5a078f6647f2d3f2edd6af825afa9e9') in 0.054728 seconds
Number of updated asset objects reloaded before import = 0
Number of asset objects unloaded after import = 3
========================================================================
Received Import Request.
  Time since last request: 0.000097 seconds.
  path: Assets/2D Platformer Assets/Graphics/Level Art/Props/sign.png
  artifactKey: Guid(832ced79a9978ce4eaa88d553f7a173f) Importer(815301076,1909f56bfc062723c751e8b465ee728b)
Start importing Assets/2D Platformer Assets/Graphics/Level Art/Props/sign.png using Guid(832ced79a9978ce4eaa88d553f7a173f) Importer(815301076,1909f56bfc062723c751e8b465ee728b) [PhysX] Initialized MultithreadedTaskDispatcher with 16 workers.
[PhysX] Initialized MultithreadedTaskDispatcher with 16 workers.
 -> (artifact id: '9fe3115ca4e0d1d3bd46a5520178c848') in 0.051421 seconds
Number of updated asset objects reloaded before import = 0
Number of asset objects unloaded after import = 3
========================================================================
Received Import Request.
  Time since last request: 0.000092 seconds.
  path: Assets/2D Platformer Assets/Graphics/Level Art/Props/tree.png
  artifactKey: Guid(569b0b9b728b15748a6c1d0415d281c9) Importer(815301076,1909f56bfc062723c751e8b465ee728b)
Start importing Assets/2D Platformer Assets/Graphics/Level Art/Props/tree.png using Guid(569b0b9b728b15748a6c1d0415d281c9) Importer(815301076,1909f56bfc062723c751e8b465ee728b) [PhysX] Initialized MultithreadedTaskDispatcher with 16 workers.
[PhysX] Initialized MultithreadedTaskDispatcher with 16 workers.
 -> (artifact id: '179af3a60838a8b87f10549df1cd0516') in 0.044797 seconds
Number of updated asset objects reloaded before import = 0
Number of asset objects unloaded after import = 3
========================================================================
Received Import Request.
  Time since last request: 1.507590 seconds.
  path: Assets/2D Platformer Assets/Graphics/Level Art/Tileset/SunnyLand Tiles.png
  artifactKey: Guid(9bcfd10f4b117ea4ebb5682e5337e612) Importer(815301076,1909f56bfc062723c751e8b465ee728b)
Start importing Assets/2D Platformer Assets/Graphics/Level Art/Tileset/SunnyLand Tiles.png using Guid(9bcfd10f4b117ea4ebb5682e5337e612) Importer(815301076,1909f56bfc062723c751e8b465ee728b) [PhysX] Initialized MultithreadedTaskDispatcher with 16 workers.
[PhysX] Initialized MultithreadedTaskDispatcher with 16 workers.
 -> (artifact id: '3876f853523927a871ac9f7ac4ee25b3') in 0.536200 seconds
Number of updated asset objects reloaded before import = 0
Number of asset objects unloaded after import = 108
========================================================================
Received Import Request.
  Time since last request: 0.000048 seconds.
  path: Assets/2D Platformer Assets/Graphics/Level Art/Tileset/sunnyland_tiles_relaid_Padded_34.asset
  artifactKey: Guid(9932441796a4e314eb50373a22878b80) Importer(815301076,1909f56bfc062723c751e8b465ee728b)
Start importing Assets/2D Platformer Assets/Graphics/Level Art/Tileset/sunnyland_tiles_relaid_Padded_34.asset using Guid(9932441796a4e314eb50373a22878b80) Importer(815301076,1909f56bfc062723c751e8b465ee728b) [PhysX] Initialized MultithreadedTaskDispatcher with 16 workers.
 -> (artifact id: '93c6ae30f651da2d568fdf85c5244d68') in 0.058132 seconds
Number of updated asset objects reloaded before import = 0
Number of asset objects unloaded after import = 3
========================================================================
Received Import Request.
  Time since last request: 0.000119 seconds.
  path: Assets/2D Platformer Assets/Graphics/Level Art/Tileset/sunnyland_tiles_relaid_Padded_38.asset
  artifactKey: Guid(49e5501ba57386d44ae26cecd1dd2944) Importer(815301076,1909f56bfc062723c751e8b465ee728b)
Start importing Assets/2D Platformer Assets/Graphics/Level Art/Tileset/sunnyland_tiles_relaid_Padded_38.asset using Guid(49e5501ba57386d44ae26cecd1dd2944) Importer(815301076,1909f56bfc062723c751e8b465ee728b) [PhysX] Initialized MultithreadedTaskDispatcher with 16 workers.
 -> (artifact id: '6fcb85140fc1b8bad9795df0ec5cdac1') in 0.028860 seconds
Number of updated asset objects reloaded before import = 0
Number of asset objects unloaded after import = 3
========================================================================
Received Import Request.
  Time since last request: 0.000046 seconds.
  path: Assets/2D Platformer Assets/Graphics/Level Art/Tileset/sunnyland_tiles_relaid_Padded_18.asset
  artifactKey: Guid(6c90aa45dfdfa494fb723dffd6d7de72) Importer(815301076,1909f56bfc062723c751e8b465ee728b)
Start importing Assets/2D Platformer Assets/Graphics/Level Art/Tileset/sunnyland_tiles_relaid_Padded_18.asset using Guid(6c90aa45dfdfa494fb723dffd6d7de72) Importer(815301076,1909f56bfc062723c751e8b465ee728b) [PhysX] Initialized MultithreadedTaskDispatcher with 16 workers.
 -> (artifact id: 'fce3fc84c02810653eb4bbc68697e40a') in 0.028675 seconds
Number of updated asset objects reloaded before import = 0
Number of asset objects unloaded after import = 3
========================================================================
Received Import Request.
  Time since last request: 0.000039 seconds.
  path: Assets/2D Platformer Assets/Graphics/Level Art/Tileset/sunnyland_tiles_relaid_Padded_41.asset
  artifactKey: Guid(fcf7f179725bd51438d0582d6ea33e90) Importer(815301076,1909f56bfc062723c751e8b465ee728b)
Start importing Assets/2D Platformer Assets/Graphics/Level Art/Tileset/sunnyland_tiles_relaid_Padded_41.asset using Guid(fcf7f179725bd51438d0582d6ea33e90) Importer(815301076,1909f56bfc062723c751e8b465ee728b) [PhysX] Initialized MultithreadedTaskDispatcher with 16 workers.
 -> (artifact id: '8ca983a0d6724453794263d363e90c59') in 0.025201 seconds
Number of updated asset objects reloaded before import = 0
Number of asset objects unloaded after import = 3
========================================================================
Received Import Request.
  Time since last request: 0.000058 seconds.
  path: Assets/2D Platformer Assets/Graphics/Level Art/Tileset/sunnyland_tiles_relaid_Padded_25.asset
  artifactKey: Guid(7ff929346ca632f4aa1506299fdfd593) Importer(815301076,1909f56bfc062723c751e8b465ee728b)
Start importing Assets/2D Platformer Assets/Graphics/Level Art/Tileset/sunnyland_tiles_relaid_Padded_25.asset using Guid(7ff929346ca632f4aa1506299fdfd593) Importer(815301076,1909f56bfc062723c751e8b465ee728b) [PhysX] Initialized MultithreadedTaskDispatcher with 16 workers.
 -> (artifact id: '6967e512abf04b658f9d1e520a3d0655') in 0.025786 seconds
Number of updated asset objects reloaded before import = 0
Number of asset objects unloaded after import = 3
========================================================================
Received Import Request.
  Time since last request: 0.000044 seconds.
  path: Assets/2D Platformer Assets/Graphics/Level Art/Tileset/sunnyland_tiles_relaid_Padded_17.asset
  artifactKey: Guid(b4ba4928b7ba9764a9ed8ab7ef27e65e) Importer(815301076,1909f56bfc062723c751e8b465ee728b)
Start importing Assets/2D Platformer Assets/Graphics/Level Art/Tileset/sunnyland_tiles_relaid_Padded_17.asset using Guid(b4ba4928b7ba9764a9ed8ab7ef27e65e) Importer(815301076,1909f56bfc062723c751e8b465ee728b) [PhysX] Initialized MultithreadedTaskDispatcher with 16 workers.
 -> (artifact id: '6224dbc4476af91ad8f52316396fa28f') in 0.027871 seconds
Number of updated asset objects reloaded before import = 0
Number of asset objects unloaded after import = 3
========================================================================
Received Import Request.
  Time since last request: 0.000060 seconds.
  path: Assets/2D Platformer Assets/Graphics/Level Art/Tileset/sunnyland_tiles_relaid_Padded_43.asset
  artifactKey: Guid(40ba6358f46f9b2439a8506d6adb2735) Importer(815301076,1909f56bfc062723c751e8b465ee728b)
Start importing Assets/2D Platformer Assets/Graphics/Level Art/Tileset/sunnyland_tiles_relaid_Padded_43.asset using Guid(40ba6358f46f9b2439a8506d6adb2735) Importer(815301076,1909f56bfc062723c751e8b465ee728b) [PhysX] Initialized MultithreadedTaskDispatcher with 16 workers.
 -> (artifact id: 'e0527c6d627da3be7e7a78186a25aac5') in 0.025714 seconds
Number of updated asset objects reloaded before import = 0
Number of asset objects unloaded after import = 3
========================================================================
Received Import Request.
  Time since last request: 0.000035 seconds.
  path: Assets/2D Platformer Assets/Graphics/Level Art/Tileset/sunnyland_tiles_relaid_Padded_49.asset
  artifactKey: Guid(f7baf63d3876ad2418c47843abb34fe0) Importer(815301076,1909f56bfc062723c751e8b465ee728b)
Start importing Assets/2D Platformer Assets/Graphics/Level Art/Tileset/sunnyland_tiles_relaid_Padded_49.asset using Guid(f7baf63d3876ad2418c47843abb34fe0) Importer(815301076,1909f56bfc062723c751e8b465ee728b) [PhysX] Initialized MultithreadedTaskDispatcher with 16 workers.
 -> (artifact id: '55742ebb3607f5a1331f9e70a5033919') in 0.024163 seconds
Number of updated asset objects reloaded before import = 0
Number of asset objects unloaded after import = 3
========================================================================
Received Import Request.
  Time since last request: 0.000054 seconds.
  path: Assets/2D Platformer Assets/Graphics/Level Art/Tileset/sunnyland_tiles_relaid_Padded_51.asset
  artifactKey: Guid(820689d4d2fc63248bf71ab40847d572) Importer(815301076,1909f56bfc062723c751e8b465ee728b)
Start importing Assets/2D Platformer Assets/Graphics/Level Art/Tileset/sunnyland_tiles_relaid_Padded_51.asset using Guid(820689d4d2fc63248bf71ab40847d572) Importer(815301076,1909f56bfc062723c751e8b465ee728b) [PhysX] Initialized MultithreadedTaskDispatcher with 16 workers.
 -> (artifact id: '85bac77aac94ecebc5b5a0219f65008f') in 0.023824 seconds
Number of updated asset objects reloaded before import = 0
Number of asset objects unloaded after import = 3
========================================================================
Received Import Request.
  Time since last request: 0.000045 seconds.
  path: Assets/2D Platformer Assets/Graphics/Level Art/Tileset/sunnyland_tiles_relaid_Padded_52.asset
  artifactKey: Guid(0f142d4f5936b6e4995c240fd70ac1bf) Importer(815301076,1909f56bfc062723c751e8b465ee728b)
Start importing Assets/2D Platformer Assets/Graphics/Level Art/Tileset/sunnyland_tiles_relaid_Padded_52.asset using Guid(0f142d4f5936b6e4995c240fd70ac1bf) Importer(815301076,1909f56bfc062723c751e8b465ee728b) [PhysX] Initialized MultithreadedTaskDispatcher with 16 workers.
 -> (artifact id: '0c2c7ca2cca1e45ac62d4bd632378962') in 0.025201 seconds
Number of updated asset objects reloaded before import = 0
Number of asset objects unloaded after import = 3
========================================================================
Received Import Request.
  Time since last request: 0.000159 seconds.
  path: Assets/2D Platformer Assets/Graphics/Level Art/Tileset/sunnyland_tiles_relaid_Padded_55.asset
  artifactKey: Guid(4ac3e7e2ba7bad54dbe408ae3acae991) Importer(815301076,1909f56bfc062723c751e8b465ee728b)
Start importing Assets/2D Platformer Assets/Graphics/Level Art/Tileset/sunnyland_tiles_relaid_Padded_55.asset using Guid(4ac3e7e2ba7bad54dbe408ae3acae991) Importer(815301076,1909f56bfc062723c751e8b465ee728b) [PhysX] Initialized MultithreadedTaskDispatcher with 16 workers.
 -> (artifact id: 'dc72acea784e93410f00a8c02bf31b7a') in 0.015323 seconds
Number of updated asset objects reloaded before import = 0
Number of asset objects unloaded after import = 3
========================================================================
Received Import Request.
  Time since last request: 0.000069 seconds.
  path: Assets/2D Platformer Assets/Graphics/Level Art/Tileset/sunnyland_tiles_relaid_Padded_45.asset
  artifactKey: Guid(389b7ae937d4e8f48a25c67324d3f44e) Importer(815301076,1909f56bfc062723c751e8b465ee728b)
Start importing Assets/2D Platformer Assets/Graphics/Level Art/Tileset/sunnyland_tiles_relaid_Padded_45.asset using Guid(389b7ae937d4e8f48a25c67324d3f44e) Importer(815301076,1909f56bfc062723c751e8b465ee728b) [PhysX] Initialized MultithreadedTaskDispatcher with 16 workers.
 -> (artifact id: '716287318fd253336062cdbcbf1eaedd') in 0.025564 seconds
Number of updated asset objects reloaded before import = 0
Number of asset objects unloaded after import = 3
========================================================================
Received Import Request.
  Time since last request: 0.000046 seconds.
  path: Assets/2D Platformer Assets/Graphics/Level Art/Tileset/sunnyland_tiles_relaid_Padded_12.asset
  artifactKey: Guid(5f56284452577b04b964a9bc28088795) Importer(815301076,1909f56bfc062723c751e8b465ee728b)
Start importing Assets/2D Platformer Assets/Graphics/Level Art/Tileset/sunnyland_tiles_relaid_Padded_12.asset using Guid(5f56284452577b04b964a9bc28088795) Importer(815301076,1909f56bfc062723c751e8b465ee728b) [PhysX] Initialized MultithreadedTaskDispatcher with 16 workers.
 -> (artifact id: 'dc327c715e4ab4e411055ce41f8bfd75') in 0.025931 seconds
Number of updated asset objects reloaded before import = 0
Number of asset objects unloaded after import = 3
========================================================================
Received Import Request.
  Time since last request: 0.000047 seconds.
  path: Assets/2D Platformer Assets/Graphics/Level Art/Tileset/sunnyland_tiles_relaid_Padded_48.asset
  artifactKey: Guid(4f4979b4dbc05834fb44505baef30460) Importer(815301076,1909f56bfc062723c751e8b465ee728b)
Start importing Assets/2D Platformer Assets/Graphics/Level Art/Tileset/sunnyland_tiles_relaid_Padded_48.asset using Guid(4f4979b4dbc05834fb44505baef30460) Importer(815301076,1909f56bfc062723c751e8b465ee728b) [PhysX] Initialized MultithreadedTaskDispatcher with 16 workers.
 -> (artifact id: '6bbc1824270476d361c4429072de4f0e') in 0.014189 seconds
Number of updated asset objects reloaded before import = 0
Number of asset objects unloaded after import = 3
========================================================================
Received Import Request.
  Time since last request: 0.000033 seconds.
  path: Assets/2D Platformer Assets/Graphics/Level Art/Tileset/sunnyland_tiles_relaid_Padded_1.asset
  artifactKey: Guid(ae2f04c2f0e4dd74f807451450803a3b) Importer(815301076,1909f56bfc062723c751e8b465ee728b)
Start importing Assets/2D Platformer Assets/Graphics/Level Art/Tileset/sunnyland_tiles_relaid_Padded_1.asset using Guid(ae2f04c2f0e4dd74f807451450803a3b) Importer(815301076,1909f56bfc062723c751e8b465ee728b) [PhysX] Initialized MultithreadedTaskDispatcher with 16 workers.
 -> (artifact id: '7ea1f8601cb18703c3415f388808f0ee') in 0.023799 seconds
Number of updated asset objects reloaded before import = 0
Number of asset objects unloaded after import = 3
========================================================================
Received Import Request.
  Time since last request: 0.000058 seconds.
  path: Assets/2D Platformer Assets/Graphics/Level Art/Tileset/sunnyland_tiles_relaid_Padded_47.asset
  artifactKey: Guid(ee0841390f489e2459813467f7d58017) Importer(815301076,1909f56bfc062723c751e8b465ee728b)
Start importing Assets/2D Platformer Assets/Graphics/Level Art/Tileset/sunnyland_tiles_relaid_Padded_47.asset using Guid(ee0841390f489e2459813467f7d58017) Importer(815301076,1909f56bfc062723c751e8b465ee728b) [PhysX] Initialized MultithreadedTaskDispatcher with 16 workers.
 -> (artifact id: '02cec065a3319ea475403152b8e51ca7') in 0.027015 seconds
Number of updated asset objects reloaded before import = 0
Number of asset objects unloaded after import = 3
========================================================================
Received Import Request.
  Time since last request: 0.000046 seconds.
  path: Assets/2D Platformer Assets/Graphics/Level Art/Tileset/sunnyland_tiles_relaid_Padded_29.asset
  artifactKey: Guid(515b57530287eb541a49090649abde80) Importer(815301076,1909f56bfc062723c751e8b465ee728b)
Start importing Assets/2D Platformer Assets/Graphics/Level Art/Tileset/sunnyland_tiles_relaid_Padded_29.asset using Guid(515b57530287eb541a49090649abde80) Importer(815301076,1909f56bfc062723c751e8b465ee728b) [PhysX] Initialized MultithreadedTaskDispatcher with 16 workers.
 -> (artifact id: 'd1dedd0228493f84c532e56c939ed7e6') in 0.029152 seconds
Number of updated asset objects reloaded before import = 0
Number of asset objects unloaded after import = 3
========================================================================
Received Import Request.
  Time since last request: 0.000035 seconds.
  path: Assets/2D Platformer Assets/Graphics/Level Art/Tileset/sunnyland_tiles_relaid_Padded_39.asset
  artifactKey: Guid(393c3b61b66b35d44b3c894628cdd47e) Importer(815301076,1909f56bfc062723c751e8b465ee728b)
Start importing Assets/2D Platformer Assets/Graphics/Level Art/Tileset/sunnyland_tiles_relaid_Padded_39.asset using Guid(393c3b61b66b35d44b3c894628cdd47e) Importer(815301076,1909f56bfc062723c751e8b465ee728b) [PhysX] Initialized MultithreadedTaskDispatcher with 16 workers.
 -> (artifact id: 'bdb723c45dbd9b2f4e95d7e437c014a7') in 0.029589 seconds
Number of updated asset objects reloaded before import = 0
Number of asset objects unloaded after import = 3
========================================================================
Received Import Request.
  Time since last request: 1.776028 seconds.
  path: Assets/2D Platformer Assets/Graphics/Level Art/Tileset/sunnyland_tiles_relaid_Padded_56.asset
  artifactKey: Guid(15c36dcf3eb27c640915bec48b93e180) Importer(815301076,1909f56bfc062723c751e8b465ee728b)
Start importing Assets/2D Platformer Assets/Graphics/Level Art/Tileset/sunnyland_tiles_relaid_Padded_56.asset using Guid(15c36dcf3eb27c640915bec48b93e180) Importer(815301076,1909f56bfc062723c751e8b465ee728b) [PhysX] Initialized MultithreadedTaskDispatcher with 16 workers.
 -> (artifact id: '6a63dd592ba7a74bcd4f565d507c378e') in 0.019462 seconds
Number of updated asset objects reloaded before import = 0
Number of asset objects unloaded after import = 3
========================================================================
Received Import Request.
  Time since last request: 0.003866 seconds.
  path: Assets/2D Platformer Assets/Graphics/Level Art/Tileset/sunnyland_tiles_relaid_Padded_58.asset
  artifactKey: Guid(4979b2934618a8044a6cfde0290f641d) Importer(815301076,1909f56bfc062723c751e8b465ee728b)
Start importing Assets/2D Platformer Assets/Graphics/Level Art/Tileset/sunnyland_tiles_relaid_Padded_58.asset using Guid(4979b2934618a8044a6cfde0290f641d) Importer(815301076,1909f56bfc062723c751e8b465ee728b) [PhysX] Initialized MultithreadedTaskDispatcher with 16 workers.
 -> (artifact id: 'ae9b2c27fb8caf8fa37ab48661d0ea08') in 0.020745 seconds
Number of updated asset objects reloaded before import = 0
Number of asset objects unloaded after import = 3
========================================================================
Received Import Request.
  Time since last request: 0.003772 seconds.
  path: Assets/2D Platformer Assets/Graphics/Level Art/Tileset/sunnyland_tiles_relaid_Padded_60.asset
  artifactKey: Guid(0061a649136b66c46a22e2cb6615bde2) Importer(815301076,1909f56bfc062723c751e8b465ee728b)
Start importing Assets/2D Platformer Assets/Graphics/Level Art/Tileset/sunnyland_tiles_relaid_Padded_60.asset using Guid(0061a649136b66c46a22e2cb6615bde2) Importer(815301076,1909f56bfc062723c751e8b465ee728b) [PhysX] Initialized MultithreadedTaskDispatcher with 16 workers.
 -> (artifact id: '1641781f7e02fca8d9c80b8594e28e92') in 0.022562 seconds
Number of updated asset objects reloaded before import = 0
Number of asset objects unloaded after import = 3
========================================================================
Received Import Request.
  Time since last request: 0.004066 seconds.
  path: Assets/2D Platformer Assets/Graphics/Level Art/Tileset/sunnyland_tiles_relaid_Padded_62.asset
  artifactKey: Guid(8f3da0e951e66e049a14a9ea53a40406) Importer(815301076,1909f56bfc062723c751e8b465ee728b)
Start importing Assets/2D Platformer Assets/Graphics/Level Art/Tileset/sunnyland_tiles_relaid_Padded_62.asset using Guid(8f3da0e951e66e049a14a9ea53a40406) Importer(815301076,1909f56bfc062723c751e8b465ee728b) [PhysX] Initialized MultithreadedTaskDispatcher with 16 workers.
 -> (artifact id: '0eb2fadf0427549c5c9c6577a36938a6') in 0.020404 seconds
Number of updated asset objects reloaded before import = 0
Number of asset objects unloaded after import = 3
========================================================================
Received Import Request.
  Time since last request: 0.002041 seconds.
  path: Assets/2D Platformer Assets/Graphics/Level Art/Tileset/sunnyland_tiles_relaid_Padded_64.asset
  artifactKey: Guid(84299487a4d84654eb8203ad1e4a2d83) Importer(815301076,1909f56bfc062723c751e8b465ee728b)
Start importing Assets/2D Platformer Assets/Graphics/Level Art/Tileset/sunnyland_tiles_relaid_Padded_64.asset using Guid(84299487a4d84654eb8203ad1e4a2d83) Importer(815301076,1909f56bfc062723c751e8b465ee728b) [PhysX] Initialized MultithreadedTaskDispatcher with 16 workers.
 -> (artifact id: 'f9c38ef92768a2c96bf0a981b382dbff') in 0.019120 seconds
Number of updated asset objects reloaded before import = 0
Number of asset objects unloaded after import = 3
========================================================================
Received Import Request.
  Time since last request: 0.003711 seconds.
  path: Assets/2D Platformer Assets/Graphics/Level Art/Tileset/sunnyland_tiles_relaid_Padded_66.asset
  artifactKey: Guid(1275221d3fcb0884d8968e7543539891) Importer(815301076,1909f56bfc062723c751e8b465ee728b)
Start importing Assets/2D Platformer Assets/Graphics/Level Art/Tileset/sunnyland_tiles_relaid_Padded_66.asset using Guid(1275221d3fcb0884d8968e7543539891) Importer(815301076,1909f56bfc062723c751e8b465ee728b) [PhysX] Initialized MultithreadedTaskDispatcher with 16 workers.
 -> (artifact id: '4c0a9c5203d86535432ab6a11adb1986') in 0.021334 seconds
Number of updated asset objects reloaded before import = 0
Number of asset objects unloaded after import = 3
========================================================================
Received Import Request.
  Time since last request: 0.001820 seconds.
  path: Assets/2D Platformer Assets/Graphics/Level Art/Tileset/sunnyland_tiles_relaid_Padded_68.asset
  artifactKey: Guid(7f601c10cb903354bba8e7a2a710928d) Importer(815301076,1909f56bfc062723c751e8b465ee728b)
Start importing Assets/2D Platformer Assets/Graphics/Level Art/Tileset/sunnyland_tiles_relaid_Padded_68.asset using Guid(7f601c10cb903354bba8e7a2a710928d) Importer(815301076,1909f56bfc062723c751e8b465ee728b) [PhysX] Initialized MultithreadedTaskDispatcher with 16 workers.
 -> (artifact id: '4be722c1cebf6987d17fa8e9dcc98c85') in 0.021295 seconds
Number of updated asset objects reloaded before import = 0
Number of asset objects unloaded after import = 3
========================================================================
Received Import Request.
  Time since last request: 0.185004 seconds.
  path: Assets/2D Platformer Assets/Graphics/Level Art/Tileset/sunnyland_tiles_relaid_Padded_70.asset
  artifactKey: Guid(f563ecf10b0fa2e4e9d35bb9da6abbb8) Importer(815301076,1909f56bfc062723c751e8b465ee728b)
Start importing Assets/2D Platformer Assets/Graphics/Level Art/Tileset/sunnyland_tiles_relaid_Padded_70.asset using Guid(f563ecf10b0fa2e4e9d35bb9da6abbb8) Importer(815301076,1909f56bfc062723c751e8b465ee728b) [PhysX] Initialized MultithreadedTaskDispatcher with 16 workers.
 -> (artifact id: '45ce6f9c7eb491d2ed8f05aaf038ed73') in 0.023259 seconds
Number of updated asset objects reloaded before import = 0
Number of asset objects unloaded after import = 3
========================================================================
Received Import Request.
  Time since last request: 0.000652 seconds.
  path: Assets/2D Platformer Assets/Graphics/Level Art/Tileset/sunnyland_tiles_relaid_Padded_72.asset
  artifactKey: Guid(c0e6d28e62591f04fb5d47e04cacf68b) Importer(815301076,1909f56bfc062723c751e8b465ee728b)
Start importing Assets/2D Platformer Assets/Graphics/Level Art/Tileset/sunnyland_tiles_relaid_Padded_72.asset using Guid(c0e6d28e62591f04fb5d47e04cacf68b) Importer(815301076,1909f56bfc062723c751e8b465ee728b) [PhysX] Initialized MultithreadedTaskDispatcher with 16 workers.
 -> (artifact id: '3f0311987265044eb56440d13cafe87a') in 0.030473 seconds
Number of updated asset objects reloaded before import = 0
Number of asset objects unloaded after import = 3
========================================================================
Received Import Request.
  Time since last request: 0.000393 seconds.
  path: Assets/2D Platformer Assets/Graphics/Level Art/Tileset/sunnyland_tiles_relaid_Padded_74.asset
  artifactKey: Guid(7480593539a492445a7a6e81d1d070dd) Importer(815301076,1909f56bfc062723c751e8b465ee728b)
Start importing Assets/2D Platformer Assets/Graphics/Level Art/Tileset/sunnyland_tiles_relaid_Padded_74.asset using Guid(7480593539a492445a7a6e81d1d070dd) Importer(815301076,1909f56bfc062723c751e8b465ee728b) [PhysX] Initialized MultithreadedTaskDispatcher with 16 workers.
 -> (artifact id: '4f829e5eabc4e4bc790dbb9989f3771d') in 0.030416 seconds
Number of updated asset objects reloaded before import = 0
Number of asset objects unloaded after import = 3
========================================================================
Received Import Request.
  Time since last request: 0.000042 seconds.
  path: Assets/2D Platformer Assets/Graphics/Level Art/Tileset/sunnyland_tiles_relaid_Padded_76.asset
  artifactKey: Guid(5a7df87b83652b74daaf0bb29bf196a6) Importer(815301076,1909f56bfc062723c751e8b465ee728b)
Start importing Assets/2D Platformer Assets/Graphics/Level Art/Tileset/sunnyland_tiles_relaid_Padded_76.asset using Guid(5a7df87b83652b74daaf0bb29bf196a6) Importer(815301076,1909f56bfc062723c751e8b465ee728b) [PhysX] Initialized MultithreadedTaskDispatcher with 16 workers.
 -> (artifact id: 'd5576606d3b5bcef15c46bdda715f136') in 0.024443 seconds
Number of updated asset objects reloaded before import = 0
Number of asset objects unloaded after import = 3
========================================================================
Received Import Request.
  Time since last request: 0.000516 seconds.
  path: Assets/2D Platformer Assets/Graphics/Level Art/Tileset/sunnyland_tiles_relaid_Padded_78.asset
  artifactKey: Guid(955ebc448b2019444a044bb1bafef8c0) Importer(815301076,1909f56bfc062723c751e8b465ee728b)
Start importing Assets/2D Platformer Assets/Graphics/Level Art/Tileset/sunnyland_tiles_relaid_Padded_78.asset using Guid(955ebc448b2019444a044bb1bafef8c0) Importer(815301076,1909f56bfc062723c751e8b465ee728b) [PhysX] Initialized MultithreadedTaskDispatcher with 16 workers.
 -> (artifact id: '171240ba522697000663d2da8003bbdb') in 0.027641 seconds
Number of updated asset objects reloaded before import = 0
Number of asset objects unloaded after import = 3
========================================================================
Received Import Request.
  Time since last request: 0.000045 seconds.
  path: Assets/2D Platformer Assets/Graphics/Level Art/Tileset/sunnyland_tiles_relaid_Padded_79.asset
  artifactKey: Guid(236a5562697a6254ebbd72121eab6fda) Importer(815301076,1909f56bfc062723c751e8b465ee728b)
Start importing Assets/2D Platformer Assets/Graphics/Level Art/Tileset/sunnyland_tiles_relaid_Padded_79.asset using Guid(236a5562697a6254ebbd72121eab6fda) Importer(815301076,1909f56bfc062723c751e8b465ee728b) [PhysX] Initialized MultithreadedTaskDispatcher with 16 workers.
 -> (artifact id: '8a2e4df8f5f858b5072b9d7edb4276a6') in 0.026554 seconds
Number of updated asset objects reloaded before import = 0
Number of asset objects unloaded after import = 3
========================================================================
Received Import Request.
  Time since last request: 0.000063 seconds.
  path: Assets/2D Platformer Assets/Graphics/Level Art/Tileset/sunnyland_tiles_relaid_Padded_81.asset
  artifactKey: Guid(21e1e7aaa5b5a704c8fbcf67a1d6aa5b) Importer(815301076,1909f56bfc062723c751e8b465ee728b)
Start importing Assets/2D Platformer Assets/Graphics/Level Art/Tileset/sunnyland_tiles_relaid_Padded_81.asset using Guid(21e1e7aaa5b5a704c8fbcf67a1d6aa5b) Importer(815301076,1909f56bfc062723c751e8b465ee728b) [PhysX] Initialized MultithreadedTaskDispatcher with 16 workers.
 -> (artifact id: '93581c50e150603d6980b0399bac1883') in 0.027430 seconds
Number of updated asset objects reloaded before import = 0
Number of asset objects unloaded after import = 3
========================================================================
Received Import Request.
  Time since last request: 0.012536 seconds.
  path: Assets/2D Platformer Assets/Graphics/Level Art/Tileset/sunnyland_tiles_relaid_Padded_84.asset
  artifactKey: Guid(1b772c167110c9046857d69bc3d6739c) Importer(815301076,1909f56bfc062723c751e8b465ee728b)
Start importing Assets/2D Platformer Assets/Graphics/Level Art/Tileset/sunnyland_tiles_relaid_Padded_84.asset using Guid(1b772c167110c9046857d69bc3d6739c) Importer(815301076,1909f56bfc062723c751e8b465ee728b) [PhysX] Initialized MultithreadedTaskDispatcher with 16 workers.
 -> (artifact id: '5c14e6ef33559905b937ba36a0b7983a') in 0.021501 seconds
Number of updated asset objects reloaded before import = 0
Number of asset objects unloaded after import = 3
========================================================================
Received Import Request.
  Time since last request: 0.004053 seconds.
  path: Assets/2D Platformer Assets/Graphics/Level Art/Tileset/sunnyland_tiles_relaid_Padded_86.asset
  artifactKey: Guid(ad8ef619613887f429839902bfc211de) Importer(815301076,1909f56bfc062723c751e8b465ee728b)
Start importing Assets/2D Platformer Assets/Graphics/Level Art/Tileset/sunnyland_tiles_relaid_Padded_86.asset using Guid(ad8ef619613887f429839902bfc211de) Importer(815301076,1909f56bfc062723c751e8b465ee728b) [PhysX] Initialized MultithreadedTaskDispatcher with 16 workers.
 -> (artifact id: '9cecd517b5c790df7edf48c3540ee3ad') in 0.024221 seconds
Number of updated asset objects reloaded before import = 0
Number of asset objects unloaded after import = 3
========================================================================
Received Import Request.
  Time since last request: 0.004066 seconds.
  path: Assets/2D Platformer Assets/Graphics/Level Art/Tileset/sunnyland_tiles_relaid_Padded_88.asset
  artifactKey: Guid(61ea66a33de5b704ab41cb932b688210) Importer(815301076,1909f56bfc062723c751e8b465ee728b)
Start importing Assets/2D Platformer Assets/Graphics/Level Art/Tileset/sunnyland_tiles_relaid_Padded_88.asset using Guid(61ea66a33de5b704ab41cb932b688210) Importer(815301076,1909f56bfc062723c751e8b465ee728b) [PhysX] Initialized MultithreadedTaskDispatcher with 16 workers.
 -> (artifact id: '5cf3d78e8a7478ffbfe3caa789bf20c9') in 0.020805 seconds
Number of updated asset objects reloaded before import = 0
Number of asset objects unloaded after import = 3
========================================================================
Received Import Request.
  Time since last request: 0.003746 seconds.
  path: Assets/2D Platformer Assets/Graphics/Level Art/Tileset/sunnyland_tiles_relaid_Padded_90.asset
  artifactKey: Guid(dfaa0af5a5e21ad46bcae4fe2b28a521) Importer(815301076,1909f56bfc062723c751e8b465ee728b)
Start importing Assets/2D Platformer Assets/Graphics/Level Art/Tileset/sunnyland_tiles_relaid_Padded_90.asset using Guid(dfaa0af5a5e21ad46bcae4fe2b28a521) Importer(815301076,1909f56bfc062723c751e8b465ee728b) [PhysX] Initialized MultithreadedTaskDispatcher with 16 workers.
 -> (artifact id: '94bc578a0ff71316fc22f351d5a4c6e7') in 0.022168 seconds
Number of updated asset objects reloaded before import = 0
Number of asset objects unloaded after import = 3
========================================================================
Received Import Request.
  Time since last request: 0.001088 seconds.
  path: Assets/2D Platformer Assets/Graphics/Level Art/Tileset/sunnyland_tiles_relaid_Padded_92.asset
  artifactKey: Guid(55cdfea42107535479e54a7704b8a5ee) Importer(815301076,1909f56bfc062723c751e8b465ee728b)
Start importing Assets/2D Platformer Assets/Graphics/Level Art/Tileset/sunnyland_tiles_relaid_Padded_92.asset using Guid(55cdfea42107535479e54a7704b8a5ee) Importer(815301076,1909f56bfc062723c751e8b465ee728b) [PhysX] Initialized MultithreadedTaskDispatcher with 16 workers.
 -> (artifact id: 'e4062af171108eec76aa31f7483bd5e1') in 0.023139 seconds
Number of updated asset objects reloaded before import = 0
Number of asset objects unloaded after import = 3
========================================================================
Received Import Request.
  Time since last request: 0.001149 seconds.
  path: Assets/2D Platformer Assets/Graphics/Level Art/Tileset/sunnyland_tiles_relaid_Padded_94.asset
  artifactKey: Guid(ea1bfde24214d0947ad4be27feb71e0f) Importer(815301076,1909f56bfc062723c751e8b465ee728b)
Start importing Assets/2D Platformer Assets/Graphics/Level Art/Tileset/sunnyland_tiles_relaid_Padded_94.asset using Guid(ea1bfde24214d0947ad4be27feb71e0f) Importer(815301076,1909f56bfc062723c751e8b465ee728b) [PhysX] Initialized MultithreadedTaskDispatcher with 16 workers.
 -> (artifact id: '8100bc2b7dbc8fdf0f506e75d345c36e') in 0.020361 seconds
Number of updated asset objects reloaded before import = 0
Number of asset objects unloaded after import = 3
========================================================================
Received Import Request.
  Time since last request: 0.002267 seconds.
  path: Assets/2D Platformer Assets/Graphics/Level Art/Tileset/sunnyland_tiles_relaid_Padded_96.asset
  artifactKey: Guid(fb922cbd4c33a9c45ac946eb5542d325) Importer(815301076,1909f56bfc062723c751e8b465ee728b)
Start importing Assets/2D Platformer Assets/Graphics/Level Art/Tileset/sunnyland_tiles_relaid_Padded_96.asset using Guid(fb922cbd4c33a9c45ac946eb5542d325) Importer(815301076,1909f56bfc062723c751e8b465ee728b) [PhysX] Initialized MultithreadedTaskDispatcher with 16 workers.
 -> (artifact id: 'a4f47ae0a33d7088e3857c91200db5b0') in 0.008577 seconds
Number of updated asset objects reloaded before import = 0
Number of asset objects unloaded after import = 3
========================================================================
Received Import Request.
  Time since last request: 0.001785 seconds.
  path: Assets/2D Platformer Assets/Graphics/Level Art/Tileset/sunnyland_tiles_relaid_Padded_97.asset
  artifactKey: Guid(cbb958b63cfcf6d4e8246d90c5209a39) Importer(815301076,1909f56bfc062723c751e8b465ee728b)
Start importing Assets/2D Platformer Assets/Graphics/Level Art/Tileset/sunnyland_tiles_relaid_Padded_97.asset using Guid(cbb958b63cfcf6d4e8246d90c5209a39) Importer(815301076,1909f56bfc062723c751e8b465ee728b) [PhysX] Initialized MultithreadedTaskDispatcher with 16 workers.
 -> (artifact id: '0507a4d1135e47281609a84fb8689a1b') in 0.018020 seconds
Number of updated asset objects reloaded before import = 0
Number of asset objects unloaded after import = 3
========================================================================
Received Import Request.
  Time since last request: 0.004868 seconds.
  path: Assets/2D Platformer Assets/Graphics/Level Art/Tileset/sunnyland_tiles_relaid_Padded_99.asset
  artifactKey: Guid(3be66ee0303ae2b46b6a595eb9eb8204) Importer(815301076,1909f56bfc062723c751e8b465ee728b)
Start importing Assets/2D Platformer Assets/Graphics/Level Art/Tileset/sunnyland_tiles_relaid_Padded_99.asset using Guid(3be66ee0303ae2b46b6a595eb9eb8204) Importer(815301076,1909f56bfc062723c751e8b465ee728b) [PhysX] Initialized MultithreadedTaskDispatcher with 16 workers.
 -> (artifact id: 'ee43b175c2cc4cef691f4cfe0e47dc38') in 0.025299 seconds
Number of updated asset objects reloaded before import = 0
Number of asset objects unloaded after import = 3
========================================================================
Received Import Request.
  Time since last request: 0.000035 seconds.
  path: Assets/2D Platformer Assets/Graphics/Level Art/Tileset/sunnyland_tiles_relaid_Padded_101.asset
  artifactKey: Guid(270222ad44f655e45bf95b24924e93ce) Importer(815301076,1909f56bfc062723c751e8b465ee728b)
Start importing Assets/2D Platformer Assets/Graphics/Level Art/Tileset/sunnyland_tiles_relaid_Padded_101.asset using Guid(270222ad44f655e45bf95b24924e93ce) Importer(815301076,1909f56bfc062723c751e8b465ee728b) [PhysX] Initialized MultithreadedTaskDispatcher with 16 workers.
 -> (artifact id: 'fa4482ff56ed7668e88ffe4188530dce') in 0.021012 seconds
Number of updated asset objects reloaded before import = 0
Number of asset objects unloaded after import = 3
========================================================================
Received Import Request.
  Time since last request: 0.003883 seconds.
  path: Assets/2D Platformer Assets/Graphics/Level Art/Tileset/sunnyland_tiles_relaid_Padded_103.asset
  artifactKey: Guid(710af9c3544546041b537480e21a7ee9) Importer(815301076,1909f56bfc062723c751e8b465ee728b)
Start importing Assets/2D Platformer Assets/Graphics/Level Art/Tileset/sunnyland_tiles_relaid_Padded_103.asset using Guid(710af9c3544546041b537480e21a7ee9) Importer(815301076,1909f56bfc062723c751e8b465ee728b) [PhysX] Initialized MultithreadedTaskDispatcher with 16 workers.
 -> (artifact id: '61fc88255a8893b2cbc4d50bc91527bd') in 0.019380 seconds
Number of updated asset objects reloaded before import = 0
Number of asset objects unloaded after import = 3
========================================================================
Received Import Request.
  Time since last request: 0.005912 seconds.
  path: Assets/2D Platformer Assets/Graphics/Level Art/Tileset/sunnyland_tiles_relaid_Padded_105.asset
  artifactKey: Guid(a51f65f43831c5c4188025e64508367c) Importer(815301076,1909f56bfc062723c751e8b465ee728b)
Start importing Assets/2D Platformer Assets/Graphics/Level Art/Tileset/sunnyland_tiles_relaid_Padded_105.asset using Guid(a51f65f43831c5c4188025e64508367c) Importer(815301076,1909f56bfc062723c751e8b465ee728b) [PhysX] Initialized MultithreadedTaskDispatcher with 16 workers.
 -> (artifact id: 'f8d300d2c67e64da6bdcdae5ffc596b0') in 0.022514 seconds
Number of updated asset objects reloaded before import = 0
Number of asset objects unloaded after import = 3
Editor requested this worker to shutdown with reason: Scaling down because of idle timeout
TcpMessagingSession - receive error: operation aborted. errorcode: 995, details: La operacin de E/S se anul por una salida de subproceso o por una solicitud de aplicacin.
AssetImportWorker is now disconnected from the server
Process exiting
Exiting without the bug reporter. Application will terminate with return code 0